{"/home/travis/build/npmtest/node-npmtest-winston/test.js":{"path":"/home/travis/build/npmtest/node-npmtest-winston/test.js","s":{"1":2,"2":2,"3":2,"4":2,"5":2,"6":2,"7":2,"8":1,"9":2,"10":2,"11":1,"12":1,"13":1,"14":1,"15":2,"16":2,"17":2,"18":2,"19":1,"20":1,"21":2,"22":2,"23":2,"24":1,"25":1,"26":1,"27":1,"28":1,"29":1,"30":1,"31":1,"32":1,"33":1,"34":1,"35":1,"36":2,"37":2,"38":1,"39":2,"40":2,"41":1,"42":2,"43":2,"44":1,"45":1,"46":1,"47":1,"48":1},"b":{"1":[2,1,1,1],"2":[1,1,1,1],"3":[1,1],"4":[1,1],"5":[1,1],"6":[1,1],"7":[1,1],"8":[1,1],"9":[1,1,1],"10":[1,1],"11":[1,1],"12":[1,1],"13":[1,1],"14":[1,1],"15":[1,1]},"f":{"1":2,"2":2,"3":2,"4":2,"5":2,"6":1,"7":1,"8":2,"9":2,"10":2,"11":1},"fnMap":{"1":{"name":"(anonymous_1)","line":12,"loc":{"start":{"line":12,"column":1},"end":{"line":12,"column":13}}},"2":{"name":"(anonymous_2)","line":19,"loc":{"start":{"line":19,"column":5},"end":{"line":19,"column":17}}},"3":{"name":"(anonymous_3)","line":23,"loc":{"start":{"line":23,"column":24},"end":{"line":23,"column":36}}},"4":{"name":"(anonymous_4)","line":61,"loc":{"start":{"line":61,"column":5},"end":{"line":61,"column":17}}},"5":{"name":"(anonymous_5)","line":82,"loc":{"start":{"line":82,"column":5},"end":{"line":82,"column":17}}},"6":{"name":"(anonymous_6)","line":102,"loc":{"start":{"line":102,"column":83},"end":{"line":105,"column":10}},"skip":true},"7":{"name":"(anonymous_7)","line":113,"loc":{"start":{"line":113,"column":77},"end":{"line":116,"column":10}},"skip":true},"8":{"name":"(anonymous_8)","line":127,"loc":{"start":{"line":127,"column":77},"end":{"line":130,"column":10}},"skip":true},"9":{"name":"(anonymous_9)","line":138,"loc":{"start":{"line":138,"column":83},"end":{"line":141,"column":10}},"skip":true},"10":{"name":"(anonymous_10)","line":149,"loc":{"start":{"line":149,"column":79},"end":{"line":152,"column":10}},"skip":true},"11":{"name":"(anonymous_11)","line":160,"loc":{"start":{"line":160,"column":75},"end":{"line":163,"column":10}},"skip":true}},"statementMap":{"1":{"start":{"line":12,"column":0},"end":{"line":175,"column":5}},"2":{"start":{"line":14,"column":4},"end":{"line":14,"column":14}},"3":{"start":{"line":19,"column":4},"end":{"line":56,"column":9}},"4":{"start":{"line":21,"column":8},"end":{"line":21,"column":19}},"5":{"start":{"line":23,"column":8},"end":{"line":35,"column":13}},"6":{"start":{"line":24,"column":12},"end":{"line":34,"column":13}},"7":{"start":{"line":25,"column":16},"end":{"line":28,"column":30}},"8":{"start":{"line":30,"column":16},"end":{"line":33,"column":27}},"9":{"start":{"line":37,"column":8},"end":{"line":39,"column":21}},"10":{"start":{"line":40,"column":8},"end":{"line":53,"column":9}},"11":{"start":{"line":43,"column":12},"end":{"line":46,"column":14}},"12":{"start":{"line":47,"column":12},"end":{"line":47,"column":18}},"13":{"start":{"line":50,"column":12},"end":{"line":51,"column":46}},"14":{"start":{"line":52,"column":12},"end":{"line":52,"column":18}},"15":{"start":{"line":55,"column":8},"end":{"line":55,"column":35}},"16":{"start":{"line":61,"column":4},"end":{"line":63,"column":9}},"17":{"start":{"line":62,"column":8},"end":{"line":62,"column":15}},"18":{"start":{"line":64,"column":4},"end":{"line":77,"column":5}},"19":{"start":{"line":70,"column":8},"end":{"line":70,"column":14}},"20":{"start":{"line":76,"column":8},"end":{"line":76,"column":14}},"21":{"start":{"line":82,"column":4},"end":{"line":84,"column":9}},"22":{"start":{"line":83,"column":8},"end":{"line":83,"column":15}},"23":{"start":{"line":85,"column":4},"end":{"line":174,"column":5}},"24":{"start":{"line":92,"column":8},"end":{"line":94,"column":63}},"25":{"start":{"line":95,"column":8},"end":{"line":95,"column":14}},"26":{"start":{"line":102,"column":8},"end":{"line":111,"column":10},"skip":true},"27":{"start":{"line":109,"column":12},"end":{"line":109,"column":55},"skip":true},"28":{"start":{"line":110,"column":12},"end":{"line":110,"column":48},"skip":true},"29":{"start":{"line":113,"column":8},"end":{"line":125,"column":10},"skip":true},"30":{"start":{"line":120,"column":12},"end":{"line":120,"column":76},"skip":true},"31":{"start":{"line":121,"column":12},"end":{"line":121,"column":73},"skip":true},"32":{"start":{"line":122,"column":12},"end":{"line":122,"column":74},"skip":true},"33":{"start":{"line":123,"column":12},"end":{"line":123,"column":25},"skip":true},"34":{"start":{"line":124,"column":12},"end":{"line":124,"column":45},"skip":true},"35":{"start":{"line":127,"column":8},"end":{"line":136,"column":10},"skip":true},"36":{"start":{"line":134,"column":12},"end":{"line":134,"column":25},"skip":true},"37":{"start":{"line":135,"column":12},"end":{"line":135,"column":45},"skip":true},"38":{"start":{"line":138,"column":8},"end":{"line":147,"column":10},"skip":true},"39":{"start":{"line":145,"column":12},"end":{"line":145,"column":25},"skip":true},"40":{"start":{"line":146,"column":12},"end":{"line":146,"column":48},"skip":true},"41":{"start":{"line":149,"column":8},"end":{"line":158,"column":10},"skip":true},"42":{"start":{"line":156,"column":12},"end":{"line":156,"column":25},"skip":true},"43":{"start":{"line":157,"column":12},"end":{"line":157,"column":46},"skip":true},"44":{"start":{"line":160,"column":8},"end":{"line":169,"column":10},"skip":true},"45":{"start":{"line":167,"column":12},"end":{"line":167,"column":94},"skip":true},"46":{"start":{"line":168,"column":12},"end":{"line":168,"column":48},"skip":true},"47":{"start":{"line":172,"column":8},"end":{"line":172,"column":35},"skip":true},"48":{"start":{"line":173,"column":8},"end":{"line":173,"column":14},"skip":true}},"branchMap":{"1":{"line":25,"type":"binary-expr","locations":[{"start":{"line":25,"column":23},"end":{"line":25,"column":62}},{"start":{"line":26,"column":20},"end":{"line":26,"column":70}},{"start":{"line":27,"column":20},"end":{"line":27,"column":71}},{"start":{"line":28,"column":20},"end":{"line":28,"column":29}}]},"2":{"line":30,"type":"binary-expr","locations":[{"start":{"line":30,"column":23},"end":{"line":30,"column":37}},{"start":{"line":31,"column":20},"end":{"line":31,"column":61}},{"start":{"line":32,"column":20},"end":{"line":32,"column":70}},{"start":{"line":33,"column":20},"end":{"line":33,"column":26}}]},"3":{"line":37,"type":"cond-expr","locations":[{"start":{"line":38,"column":14},"end":{"line":38,"column":20}},{"start":{"line":39,"column":14},"end":{"line":39,"column":20}}]},"4":{"line":40,"type":"switch","locations":[{"start":{"line":42,"column":8},"end":{"line":47,"column":18}},{"start":{"line":49,"column":8},"end":{"line":52,"column":18}}]},"5":{"line":44,"type":"binary-expr","locations":[{"start":{"line":44,"column":16},"end":{"line":44,"column":44}},{"start":{"line":44,"column":48},"end":{"line":44,"column":66}}]},"6":{"line":50,"type":"binary-expr","locations":[{"start":{"line":50,"column":21},"end":{"line":50,"column":49}},{"start":{"line":50,"column":53},"end":{"line":50,"column":72}}]},"7":{"line":64,"type":"switch","locations":[{"start":{"line":69,"column":4},"end":{"line":70,"column":14}},{"start":{"line":75,"column":4},"end":{"line":76,"column":14}}]},"8":{"line":85,"type":"switch","locations":[{"start":{"line":90,"column":4},"end":{"line":95,"column":14}},{"start":{"line":101,"column":4},"end":{"line":173,"column":14},"skip":true}]},"9":{"line":92,"type":"binary-expr","locations":[{"start":{"line":92,"column":18},"end":{"line":92,"column":32}},{"start":{"line":93,"column":12},"end":{"line":93,"column":53}},{"start":{"line":94,"column":12},"end":{"line":94,"column":61}}]},"10":{"line":102,"type":"binary-expr","locations":[{"start":{"line":102,"column":45},"end":{"line":102,"column":79},"skip":true},{"start":{"line":102,"column":83},"end":{"line":111,"column":9},"skip":true}]},"11":{"line":113,"type":"binary-expr","locations":[{"start":{"line":113,"column":42},"end":{"line":113,"column":73},"skip":true},{"start":{"line":113,"column":77},"end":{"line":125,"column":9},"skip":true}]},"12":{"line":127,"type":"binary-expr","locations":[{"start":{"line":127,"column":42},"end":{"line":127,"column":73},"skip":true},{"start":{"line":127,"column":77},"end":{"line":136,"column":9},"skip":true}]},"13":{"line":138,"type":"binary-expr","locations":[{"start":{"line":138,"column":45},"end":{"line":138,"column":79},"skip":true},{"start":{"line":138,"column":83},"end":{"line":147,"column":9},"skip":true}]},"14":{"line":149,"type":"binary-expr","locations":[{"start":{"line":149,"column":43},"end":{"line":149,"column":75},"skip":true},{"start":{"line":149,"column":79},"end":{"line":158,"column":9},"skip":true}]},"15":{"line":160,"type":"binary-expr","locations":[{"start":{"line":160,"column":41},"end":{"line":160,"column":71},"skip":true},{"start":{"line":160,"column":75},"end":{"line":169,"column":9},"skip":true}]}},"code":["/* istanbul instrument in package npmtest_winston */","/*jslint","    bitwise: true,","    browser: true,","    maxerr: 8,","    maxlen: 96,","    node: true,","    nomen: true,","    regexp: true,","    stupid: true","*/","(function () {","    'use strict';","    var local;","","","","    // run shared js-env code - pre-init","    (function () {","        // init local","        local = {};","        // init modeJs","        local.modeJs = (function () {","            try {","                return typeof navigator.userAgent === 'string' &&","                    typeof document.querySelector('body') === 'object' &&","                    typeof XMLHttpRequest.prototype.open === 'function' &&","                    'browser';","            } catch (errorCaughtBrowser) {","                return module.exports &&","                    typeof process.versions.node === 'string' &&","                    typeof require('http').createServer === 'function' &&","                    'node';","            }","        }());","        // init global","        local.global = local.modeJs === 'browser'","            ? window","            : global;","        switch (local.modeJs) {","        // re-init local from window.local","        case 'browser':","            local = local.global.utility2.objectSetDefault(","                local.global.utility2_rollup || local.global.local,","                local.global.utility2","            );","            break;","        // re-init local from example.js","        case 'node':","            local = (local.global.utility2_rollup || require('utility2'))","                .requireExampleJsFromReadme();","            break;","        }","        // export local","        local.global.local = local;","    }());","","","","    // run shared js-env code - function","    (function () {","        return;","    }());","    switch (local.modeJs) {","","","","    // run browser js-env code - function","    case 'browser':","        break;","","","","    // run node js-env code - function","    case 'node':","        break;","    }","","","","    // run shared js-env code - post-init","    (function () {","        return;","    }());","    switch (local.modeJs) {","","","","    // run browser js-env code - post-init","    case 'browser':","        // run tests","        local.nop(local.modeTest &&","            document.querySelector('#testRunButton1') &&","            document.querySelector('#testRunButton1').click());","        break;","","","","    // run node js-env code - post-init","    /* istanbul ignore next */","    case 'node':","        local.testCase_buildApidoc_default = local.testCase_buildApidoc_default || function (","            options,","            onError","        ) {","        /*","         * this function will test buildApidoc's default handling-behavior-behavior","         */","            options = { modulePathList: module.paths };","            local.buildApidoc(options, onError);","        };","","        local.testCase_buildApp_default = local.testCase_buildApp_default || function (","            options,","            onError","        ) {","        /*","         * this function will test buildApp's default handling-behavior-behavior","         */","            local.testCase_buildReadme_default(options, local.onErrorThrow);","            local.testCase_buildLib_default(options, local.onErrorThrow);","            local.testCase_buildTest_default(options, local.onErrorThrow);","            options = [];","            local.buildApp(options, onError);","        };","","        local.testCase_buildLib_default = local.testCase_buildLib_default || function (","            options,","            onError","        ) {","        /*","         * this function will test buildLib's default handling-behavior","         */","            options = {};","            local.buildLib(options, onError);","        };","","        local.testCase_buildReadme_default = local.testCase_buildReadme_default || function (","            options,","            onError","        ) {","        /*","         * this function will test buildReadme's default handling-behavior-behavior","         */","            options = {};","            local.buildReadme(options, onError);","        };","","        local.testCase_buildTest_default = local.testCase_buildTest_default || function (","            options,","            onError","        ) {","        /*","         * this function will test buildTest's default handling-behavior","         */","            options = {};","            local.buildTest(options, onError);","        };","","        local.testCase_webpage_default = local.testCase_webpage_default || function (","            options,","            onError","        ) {","        /*","         * this function will test webpage's default handling-behavior","         */","            options = { modeCoverageMerge: true, url: local.serverLocalHost + '?modeTest=1' };","            local.browserTest(options, onError);","        };","","        // run test-server","        local.testRunServer(local);","        break;","    }","}());",""],"l":{"12":2,"14":2,"19":2,"21":2,"23":2,"24":2,"25":2,"30":1,"37":2,"40":2,"43":1,"47":1,"50":1,"52":1,"55":2,"61":2,"62":2,"64":2,"70":1,"76":1,"82":2,"83":2,"85":2,"92":1,"95":1,"102":1,"109":1,"110":1,"113":1,"120":1,"121":1,"122":1,"123":1,"124":1,"127":1,"134":2,"135":2,"138":1,"145":2,"146":2,"149":1,"156":2,"157":2,"160":1,"167":1,"168":1,"172":1,"173":1}},"/home/travis/build/npmtest/node-npmtest-winston/lib.npmtest_winston.js":{"path":"/home/travis/build/npmtest/node-npmtest-winston/lib.npmtest_winston.js","s":{"1":2,"2":2,"3":2,"4":2,"5":2,"6":2,"7":2,"8":1,"9":2,"10":2,"11":2,"12":2,"13":1,"14":1,"15":1,"16":1},"b":{"1":[2,1,1,1],"2":[1,1,1,1],"3":[1,1],"4":[2,2],"5":[1,1]},"f":{"1":2,"2":2,"3":2},"fnMap":{"1":{"name":"(anonymous_1)","line":12,"loc":{"start":{"line":12,"column":1},"end":{"line":12,"column":13}}},"2":{"name":"(anonymous_2)","line":19,"loc":{"start":{"line":19,"column":5},"end":{"line":19,"column":17}}},"3":{"name":"(anonymous_3)","line":23,"loc":{"start":{"line":23,"column":24},"end":{"line":23,"column":36}}}},"statementMap":{"1":{"start":{"line":12,"column":0},"end":{"line":53,"column":5}},"2":{"start":{"line":14,"column":4},"end":{"line":14,"column":14}},"3":{"start":{"line":19,"column":4},"end":{"line":52,"column":9}},"4":{"start":{"line":21,"column":8},"end":{"line":21,"column":19}},"5":{"start":{"line":23,"column":8},"end":{"line":35,"column":13}},"6":{"start":{"line":24,"column":12},"end":{"line":34,"column":13}},"7":{"start":{"line":25,"column":16},"end":{"line":28,"column":30}},"8":{"start":{"line":30,"column":16},"end":{"line":33,"column":27}},"9":{"start":{"line":37,"column":8},"end":{"line":39,"column":21}},"10":{"start":{"line":41,"column":8},"end":{"line":41,"column":54}},"11":{"start":{"line":43,"column":8},"end":{"line":43,"column":52}},"12":{"start":{"line":45,"column":8},"end":{"line":51,"column":9}},"13":{"start":{"line":46,"column":12},"end":{"line":46,"column":58}},"14":{"start":{"line":48,"column":12},"end":{"line":48,"column":35}},"15":{"start":{"line":49,"column":12},"end":{"line":49,"column":49}},"16":{"start":{"line":50,"column":12},"end":{"line":50,"column":43}}},"branchMap":{"1":{"line":25,"type":"binary-expr","locations":[{"start":{"line":25,"column":23},"end":{"line":25,"column":62}},{"start":{"line":26,"column":20},"end":{"line":26,"column":70}},{"start":{"line":27,"column":20},"end":{"line":27,"column":71}},{"start":{"line":28,"column":20},"end":{"line":28,"column":29}}]},"2":{"line":30,"type":"binary-expr","locations":[{"start":{"line":30,"column":23},"end":{"line":30,"column":37}},{"start":{"line":31,"column":20},"end":{"line":31,"column":61}},{"start":{"line":32,"column":20},"end":{"line":32,"column":70}},{"start":{"line":33,"column":20},"end":{"line":33,"column":26}}]},"3":{"line":37,"type":"cond-expr","locations":[{"start":{"line":38,"column":14},"end":{"line":38,"column":20}},{"start":{"line":39,"column":14},"end":{"line":39,"column":20}}]},"4":{"line":41,"type":"binary-expr","locations":[{"start":{"line":41,"column":16},"end":{"line":41,"column":44}},{"start":{"line":41,"column":48},"end":{"line":41,"column":53}}]},"5":{"line":45,"type":"if","locations":[{"start":{"line":45,"column":8},"end":{"line":45,"column":8}},{"start":{"line":45,"column":8},"end":{"line":45,"column":8}}]}},"code":["/* istanbul instrument in package npmtest_winston */","/*jslint","    bitwise: true,","    browser: true,","    maxerr: 8,","    maxlen: 96,","    node: true,","    nomen: true,","    regexp: true,","    stupid: true","*/","(function () {","    'use strict';","    var local;","","","","    // run shared js-env code - pre-init","    (function () {","        // init local","        local = {};","        // init modeJs","        local.modeJs = (function () {","            try {","                return typeof navigator.userAgent === 'string' &&","                    typeof document.querySelector('body') === 'object' &&","                    typeof XMLHttpRequest.prototype.open === 'function' &&","                    'browser';","            } catch (errorCaughtBrowser) {","                return module.exports &&","                    typeof process.versions.node === 'string' &&","                    typeof require('http').createServer === 'function' &&","                    'node';","            }","        }());","        // init global","        local.global = local.modeJs === 'browser'","            ? window","            : global;","        // init utility2_rollup","        local = local.global.utility2_rollup || local;","        // init lib","        local.local = local.npmtest_winston = local;","        // init exports","        if (local.modeJs === 'browser') {","            local.global.utility2_npmtest_winston = local;","        } else {","            module.exports = local;","            module.exports.__dirname = __dirname;","            module.exports.module = module;","        }","    }());","}());",""],"l":{"12":2,"14":2,"19":2,"21":2,"23":2,"24":2,"25":2,"30":1,"37":2,"41":2,"43":2,"45":2,"46":1,"48":1,"49":1,"50":1}},"/home/travis/build/npmtest/node-npmtest-winston/example.js":{"path":"/home/travis/build/npmtest/node-npmtest-winston/example.js","s":{"1":2,"2":2,"3":2,"4":2,"5":2,"6":2,"7":2,"8":1,"9":2,"10":2,"11":2,"12":2,"13":1,"14":2,"15":2,"16":2,"17":2,"18":2,"19":0,"20":2,"21":1,"22":1,"23":1,"24":1,"25":1,"26":0,"27":0,"28":1,"29":1,"30":2,"31":0,"32":0,"33":0,"34":1,"35":2,"36":2,"37":2,"38":2,"39":2,"40":2,"41":0,"42":2,"43":2,"44":2,"45":1,"46":3,"47":1,"48":1,"49":1,"50":1,"51":1,"52":1,"53":1,"54":1,"55":1,"56":1,"57":0,"58":1,"59":6,"60":6,"61":1,"62":2,"63":0,"64":2,"65":1,"66":1,"67":0,"68":0,"69":0,"70":0,"71":0,"72":0,"73":0,"74":0,"75":0,"76":0,"77":0,"78":0,"79":0,"80":0,"81":0,"82":0,"83":0},"b":{"1":[2,1,1,1],"2":[1,1,1,1],"3":[1,1],"4":[2,2],"5":[1,1],"6":[1,1],"7":[2,0],"8":[2,1,1,1,1,1],"9":[0,2,0],"10":[1,1],"11":[2,1,1],"12":[1,0],"13":[0,2],"14":[2,0,0,0,0,0,0],"15":[0,2],"16":[2,0],"17":[1,1],"18":[0,1],"19":[1,2,0,2],"20":[1,0],"21":[1,1],"22":[0,0],"23":[0,0],"24":[0,0],"25":[0,0],"26":[0,0],"27":[0,0],"28":[0,0]},"f":{"1":2,"2":2,"3":2,"4":2,"5":2,"6":2,"7":2,"8":2,"9":3,"10":1,"11":6,"12":0},"fnMap":{"1":{"name":"(anonymous_1)","line":26,"loc":{"start":{"line":26,"column":1},"end":{"line":26,"column":13}}},"2":{"name":"(anonymous_2)","line":33,"loc":{"start":{"line":33,"column":5},"end":{"line":33,"column":17}}},"3":{"name":"(anonymous_3)","line":37,"loc":{"start":{"line":37,"column":24},"end":{"line":37,"column":36}}},"4":{"name":"(anonymous_4)","line":69,"loc":{"start":{"line":69,"column":31},"end":{"line":69,"column":48}},"skip":true},"5":{"name":"(anonymous_5)","line":78,"loc":{"start":{"line":78,"column":26},"end":{"line":78,"column":45}},"skip":true},"6":{"name":"(anonymous_6)","line":123,"loc":{"start":{"line":123,"column":33},"end":{"line":123,"column":48}},"skip":true},"7":{"name":"(anonymous_7)","line":125,"loc":{"start":{"line":125,"column":27},"end":{"line":125,"column":39}},"skip":true},"8":{"name":"(anonymous_8)","line":133,"loc":{"start":{"line":133,"column":59},"end":{"line":133,"column":74}},"skip":true},"9":{"name":"(anonymous_9)","line":143,"loc":{"start":{"line":143,"column":45},"end":{"line":143,"column":62}},"skip":true},"10":{"name":"(anonymous_10)","line":144,"loc":{"start":{"line":144,"column":73},"end":{"line":144,"column":92}},"skip":true},"11":{"name":"(anonymous_11)","line":272,"loc":{"start":{"line":272,"column":51},"end":{"line":272,"column":77}},"skip":true},"12":{"name":"(anonymous_12)","line":314,"loc":{"start":{"line":314,"column":32},"end":{"line":314,"column":61}},"skip":true}},"statementMap":{"1":{"start":{"line":26,"column":0},"end":{"line":325,"column":5}},"2":{"start":{"line":28,"column":4},"end":{"line":28,"column":14}},"3":{"start":{"line":33,"column":4},"end":{"line":60,"column":9}},"4":{"start":{"line":35,"column":8},"end":{"line":35,"column":19}},"5":{"start":{"line":37,"column":8},"end":{"line":49,"column":13}},"6":{"start":{"line":38,"column":12},"end":{"line":48,"column":13}},"7":{"start":{"line":39,"column":16},"end":{"line":42,"column":30}},"8":{"start":{"line":44,"column":16},"end":{"line":47,"column":27}},"9":{"start":{"line":51,"column":8},"end":{"line":53,"column":21}},"10":{"start":{"line":55,"column":8},"end":{"line":57,"column":45}},"11":{"start":{"line":59,"column":8},"end":{"line":59,"column":35}},"12":{"start":{"line":61,"column":4},"end":{"line":324,"column":5}},"13":{"start":{"line":69,"column":8},"end":{"line":121,"column":10},"skip":true},"14":{"start":{"line":70,"column":12},"end":{"line":88,"column":13},"skip":true},"15":{"start":{"line":76,"column":16},"end":{"line":87,"column":19},"skip":true},"16":{"start":{"line":79,"column":20},"end":{"line":86,"column":21},"skip":true},"17":{"start":{"line":82,"column":24},"end":{"line":82,"column":43},"skip":true},"18":{"start":{"line":83,"column":24},"end":{"line":83,"column":30},"skip":true},"19":{"start":{"line":85,"column":24},"end":{"line":85,"column":49},"skip":true},"20":{"start":{"line":89,"column":12},"end":{"line":107,"column":13},"skip":true},"21":{"start":{"line":92,"column":16},"end":{"line":102,"column":17},"skip":true},"22":{"start":{"line":93,"column":20},"end":{"line":93,"column":86},"skip":true},"23":{"start":{"line":94,"column":20},"end":{"line":95,"column":45},"skip":true},"24":{"start":{"line":96,"column":20},"end":{"line":96,"column":42},"skip":true},"25":{"start":{"line":97,"column":20},"end":{"line":97,"column":48},"skip":true},"26":{"start":{"line":100,"column":20},"end":{"line":100,"column":85},"skip":true},"27":{"start":{"line":101,"column":20},"end":{"line":101,"column":96},"skip":true},"28":{"start":{"line":103,"column":16},"end":{"line":103,"column":22},"skip":true},"29":{"start":{"line":106,"column":16},"end":{"line":106,"column":22},"skip":true},"30":{"start":{"line":108,"column":12},"end":{"line":120,"column":13},"skip":true},"31":{"start":{"line":114,"column":16},"end":{"line":119,"column":17},"skip":true},"32":{"start":{"line":116,"column":20},"end":{"line":116,"column":78},"skip":true},"33":{"start":{"line":118,"column":20},"end":{"line":118,"column":53},"skip":true},"34":{"start":{"line":123,"column":8},"end":{"line":141,"column":11},"skip":true},"35":{"start":{"line":124,"column":12},"end":{"line":124,"column":54},"skip":true},"36":{"start":{"line":125,"column":12},"end":{"line":140,"column":14},"skip":true},"37":{"start":{"line":126,"column":16},"end":{"line":126,"column":28},"skip":true},"38":{"start":{"line":127,"column":16},"end":{"line":127,"column":69},"skip":true},"39":{"start":{"line":128,"column":16},"end":{"line":128,"column":75},"skip":true},"40":{"start":{"line":129,"column":16},"end":{"line":131,"column":17},"skip":true},"41":{"start":{"line":130,"column":20},"end":{"line":130,"column":27},"skip":true},"42":{"start":{"line":133,"column":16},"end":{"line":137,"column":36},"skip":true},"43":{"start":{"line":134,"column":20},"end":{"line":136,"column":55},"skip":true},"44":{"start":{"line":139,"column":16},"end":{"line":139,"column":57},"skip":true},"45":{"start":{"line":143,"column":8},"end":{"line":147,"column":11},"skip":true},"46":{"start":{"line":144,"column":12},"end":{"line":146,"column":15},"skip":true},"47":{"start":{"line":145,"column":16},"end":{"line":145,"column":70},"skip":true},"48":{"start":{"line":149,"column":8},"end":{"line":149,"column":31},"skip":true},"49":{"start":{"line":150,"column":8},"end":{"line":150,"column":14},"skip":true},"50":{"start":{"line":158,"column":8},"end":{"line":158,"column":31},"skip":true},"51":{"start":{"line":160,"column":8},"end":{"line":160,"column":33},"skip":true},"52":{"start":{"line":161,"column":8},"end":{"line":161,"column":37},"skip":true},"53":{"start":{"line":162,"column":8},"end":{"line":162,"column":35},"skip":true},"54":{"start":{"line":164,"column":8},"end":{"line":164,"column":50},"skip":true},"55":{"start":{"line":166,"column":8},"end":{"line":256,"column":2},"skip":true},"56":{"start":{"line":258,"column":8},"end":{"line":286,"column":9},"skip":true},"57":{"start":{"line":259,"column":12},"end":{"line":269,"column":14},"skip":true},"58":{"start":{"line":271,"column":12},"end":{"line":285,"column":19},"skip":true},"59":{"start":{"line":274,"column":20},"end":{"line":274,"column":35},"skip":true},"60":{"start":{"line":275,"column":20},"end":{"line":284,"column":21},"skip":true},"61":{"start":{"line":277,"column":24},"end":{"line":277,"column":64},"skip":true},"62":{"start":{"line":279,"column":24},"end":{"line":279,"column":40},"skip":true},"63":{"start":{"line":281,"column":24},"end":{"line":281,"column":40},"skip":true},"64":{"start":{"line":283,"column":24},"end":{"line":283,"column":39},"skip":true},"65":{"start":{"line":288,"column":8},"end":{"line":290,"column":9},"skip":true},"66":{"start":{"line":289,"column":12},"end":{"line":289,"column":18},"skip":true},"67":{"start":{"line":291,"column":8},"end":{"line":293,"column":54},"skip":true},"68":{"start":{"line":294,"column":8},"end":{"line":301,"column":37},"skip":true},"69":{"start":{"line":302,"column":8},"end":{"line":302,"column":82},"skip":true},"70":{"start":{"line":305,"column":8},"end":{"line":307,"column":9},"skip":true},"71":{"start":{"line":306,"column":12},"end":{"line":306,"column":82},"skip":true},"72":{"start":{"line":309,"column":8},"end":{"line":311,"column":9},"skip":true},"73":{"start":{"line":310,"column":12},"end":{"line":310,"column":18},"skip":true},"74":{"start":{"line":312,"column":8},"end":{"line":312,"column":54},"skip":true},"75":{"start":{"line":313,"column":8},"end":{"line":313,"column":69},"skip":true},"76":{"start":{"line":314,"column":8},"end":{"line":322,"column":36},"skip":true},"77":{"start":{"line":315,"column":12},"end":{"line":315,"column":61},"skip":true},"78":{"start":{"line":316,"column":12},"end":{"line":319,"column":13},"skip":true},"79":{"start":{"line":317,"column":16},"end":{"line":317,"column":75},"skip":true},"80":{"start":{"line":318,"column":16},"end":{"line":318,"column":23},"skip":true},"81":{"start":{"line":320,"column":12},"end":{"line":320,"column":38},"skip":true},"82":{"start":{"line":321,"column":12},"end":{"line":321,"column":27},"skip":true},"83":{"start":{"line":323,"column":8},"end":{"line":323,"column":14},"skip":true}},"branchMap":{"1":{"line":39,"type":"binary-expr","locations":[{"start":{"line":39,"column":23},"end":{"line":39,"column":62}},{"start":{"line":40,"column":20},"end":{"line":40,"column":70}},{"start":{"line":41,"column":20},"end":{"line":41,"column":71}},{"start":{"line":42,"column":20},"end":{"line":42,"column":29}}]},"2":{"line":44,"type":"binary-expr","locations":[{"start":{"line":44,"column":23},"end":{"line":44,"column":37}},{"start":{"line":45,"column":20},"end":{"line":45,"column":61}},{"start":{"line":46,"column":20},"end":{"line":46,"column":70}},{"start":{"line":47,"column":20},"end":{"line":47,"column":26}}]},"3":{"line":51,"type":"cond-expr","locations":[{"start":{"line":52,"column":14},"end":{"line":52,"column":20}},{"start":{"line":53,"column":14},"end":{"line":53,"column":20}}]},"4":{"line":55,"type":"binary-expr","locations":[{"start":{"line":55,"column":16},"end":{"line":55,"column":44}},{"start":{"line":55,"column":49},"end":{"line":57,"column":43}}]},"5":{"line":55,"type":"cond-expr","locations":[{"start":{"line":56,"column":14},"end":{"line":56,"column":51}},{"start":{"line":57,"column":14},"end":{"line":57,"column":43}}]},"6":{"line":61,"type":"switch","locations":[{"start":{"line":68,"column":4},"end":{"line":150,"column":14},"skip":true},{"start":{"line":156,"column":4},"end":{"line":323,"column":14},"skip":true}]},"7":{"line":70,"type":"if","locations":[{"start":{"line":70,"column":12},"end":{"line":70,"column":12},"skip":true},{"start":{"line":70,"column":12},"end":{"line":70,"column":12},"skip":true}]},"8":{"line":70,"type":"binary-expr","locations":[{"start":{"line":70,"column":16},"end":{"line":70,"column":22},"skip":true},{"start":{"line":70,"column":27},"end":{"line":70,"column":32},"skip":true},{"start":{"line":71,"column":20},"end":{"line":71,"column":39},"skip":true},{"start":{"line":72,"column":20},"end":{"line":72,"column":49},"skip":true},{"start":{"line":73,"column":20},"end":{"line":73,"column":58},"skip":true},{"start":{"line":74,"column":20},"end":{"line":74,"column":69},"skip":true}]},"9":{"line":79,"type":"switch","locations":[{"start":{"line":80,"column":20},"end":{"line":80,"column":33},"skip":true},{"start":{"line":81,"column":20},"end":{"line":83,"column":30},"skip":true},{"start":{"line":84,"column":20},"end":{"line":85,"column":49},"skip":true}]},"10":{"line":89,"type":"switch","locations":[{"start":{"line":90,"column":12},"end":{"line":103,"column":22},"skip":true},{"start":{"line":105,"column":12},"end":{"line":106,"column":22},"skip":true}]},"11":{"line":89,"type":"binary-expr","locations":[{"start":{"line":89,"column":20},"end":{"line":89,"column":25},"skip":true},{"start":{"line":89,"column":29},"end":{"line":89,"column":48},"skip":true},{"start":{"line":89,"column":52},"end":{"line":89,"column":74},"skip":true}]},"12":{"line":92,"type":"if","locations":[{"start":{"line":92,"column":16},"end":{"line":92,"column":16},"skip":true},{"start":{"line":92,"column":16},"end":{"line":92,"column":16},"skip":true}]},"13":{"line":108,"type":"if","locations":[{"start":{"line":108,"column":12},"end":{"line":108,"column":12},"skip":true},{"start":{"line":108,"column":12},"end":{"line":108,"column":12},"skip":true}]},"14":{"line":108,"type":"binary-expr","locations":[{"start":{"line":108,"column":16},"end":{"line":108,"column":61},"skip":true},{"start":{"line":108,"column":66},"end":{"line":108,"column":72},"skip":true},{"start":{"line":108,"column":77},"end":{"line":108,"column":82},"skip":true},{"start":{"line":109,"column":20},"end":{"line":109,"column":39},"skip":true},{"start":{"line":110,"column":20},"end":{"line":110,"column":49},"skip":true},{"start":{"line":111,"column":20},"end":{"line":111,"column":58},"skip":true},{"start":{"line":112,"column":20},"end":{"line":112,"column":68},"skip":true}]},"15":{"line":129,"type":"if","locations":[{"start":{"line":129,"column":16},"end":{"line":129,"column":16},"skip":true},{"start":{"line":129,"column":16},"end":{"line":129,"column":16},"skip":true}]},"16":{"line":134,"type":"cond-expr","locations":[{"start":{"line":135,"column":26},"end":{"line":135,"column":29},"skip":true},{"start":{"line":136,"column":26},"end":{"line":136,"column":54},"skip":true}]},"17":{"line":164,"type":"binary-expr","locations":[{"start":{"line":164,"column":27},"end":{"line":164,"column":43},"skip":true},{"start":{"line":164,"column":47},"end":{"line":164,"column":49},"skip":true}]},"18":{"line":258,"type":"if","locations":[{"start":{"line":258,"column":8},"end":{"line":258,"column":8},"skip":true},{"start":{"line":258,"column":8},"end":{"line":258,"column":8},"skip":true}]},"19":{"line":275,"type":"switch","locations":[{"start":{"line":276,"column":20},"end":{"line":277,"column":64},"skip":true},{"start":{"line":278,"column":20},"end":{"line":279,"column":40},"skip":true},{"start":{"line":280,"column":20},"end":{"line":281,"column":40},"skip":true},{"start":{"line":282,"column":20},"end":{"line":283,"column":39},"skip":true}]},"20":{"line":288,"type":"if","locations":[{"start":{"line":288,"column":8},"end":{"line":288,"column":8},"skip":true},{"start":{"line":288,"column":8},"end":{"line":288,"column":8},"skip":true}]},"21":{"line":288,"type":"binary-expr","locations":[{"start":{"line":288,"column":12},"end":{"line":288,"column":40},"skip":true},{"start":{"line":288,"column":44},"end":{"line":288,"column":67},"skip":true}]},"22":{"line":292,"type":"binary-expr","locations":[{"start":{"line":292,"column":12},"end":{"line":292,"column":50},"skip":true},{"start":{"line":293,"column":12},"end":{"line":293,"column":53},"skip":true}]},"23":{"line":295,"type":"binary-expr","locations":[{"start":{"line":295,"column":12},"end":{"line":295,"column":65},"skip":true},{"start":{"line":296,"column":12},"end":{"line":301,"column":36},"skip":true}]},"24":{"line":302,"type":"binary-expr","locations":[{"start":{"line":302,"column":43},"end":{"line":302,"column":75},"skip":true},{"start":{"line":302,"column":79},"end":{"line":302,"column":81},"skip":true}]},"25":{"line":305,"type":"if","locations":[{"start":{"line":305,"column":8},"end":{"line":305,"column":8},"skip":true},{"start":{"line":305,"column":8},"end":{"line":305,"column":8},"skip":true}]},"26":{"line":309,"type":"if","locations":[{"start":{"line":309,"column":8},"end":{"line":309,"column":8},"skip":true},{"start":{"line":309,"column":8},"end":{"line":309,"column":8},"skip":true}]},"27":{"line":312,"type":"binary-expr","locations":[{"start":{"line":312,"column":27},"end":{"line":312,"column":43},"skip":true},{"start":{"line":312,"column":47},"end":{"line":312,"column":53},"skip":true}]},"28":{"line":316,"type":"if","locations":[{"start":{"line":316,"column":12},"end":{"line":316,"column":12},"skip":true},{"start":{"line":316,"column":12},"end":{"line":316,"column":12},"skip":true}]}},"code":["/*","example.js","","quickstart example","","instruction","    1. save this script as example.js","    2. run the shell command:","        $ npm install npmtest-winston && PORT=8081 node example.js","    3. play with the browser-demo on http://127.0.0.1:8081","*/","","","","/* istanbul instrument in package npmtest_winston */","/*jslint","    bitwise: true,","    browser: true,","    maxerr: 8,","    maxlen: 96,","    node: true,","    nomen: true,","    regexp: true,","    stupid: true","*/","(function () {","    'use strict';","    var local;","","","","    // run shared js-env code - pre-init","    (function () {","        // init local","        local = {};","        // init modeJs","        local.modeJs = (function () {","            try {","                return typeof navigator.userAgent === 'string' &&","                    typeof document.querySelector('body') === 'object' &&","                    typeof XMLHttpRequest.prototype.open === 'function' &&","                    'browser';","            } catch (errorCaughtBrowser) {","                return module.exports &&","                    typeof process.versions.node === 'string' &&","                    typeof require('http').createServer === 'function' &&","                    'node';","            }","        }());","        // init global","        local.global = local.modeJs === 'browser'","            ? window","            : global;","        // init utility2_rollup","        local = local.global.utility2_rollup || (local.modeJs === 'browser'","            ? local.global.utility2_npmtest_winston","            : global.utility2_moduleExports);","        // export local","        local.global.local = local;","    }());","    switch (local.modeJs) {","","","","    // post-init","    // run browser js-env code - post-init","    /* istanbul ignore next */","    case 'browser':","        local.testRunBrowser = function (event) {","            if (!event || (event &&","                    event.currentTarget &&","                    event.currentTarget.className &&","                    event.currentTarget.className.includes &&","                    event.currentTarget.className.includes('onreset'))) {","                // reset output","                Array.from(","                    document.querySelectorAll('body > .resettable')","                ).forEach(function (element) {","                    switch (element.tagName) {","                    case 'INPUT':","                    case 'TEXTAREA':","                        element.value = '';","                        break;","                    default:","                        element.textContent = '';","                    }","                });","            }","            switch (event && event.currentTarget && event.currentTarget.id) {","            case 'testRunButton1':","                // show tests","                if (document.querySelector('#testReportDiv1').style.display === 'none') {","                    document.querySelector('#testReportDiv1').style.display = 'block';","                    document.querySelector('#testRunButton1').textContent =","                        'hide internal test';","                    local.modeTest = true;","                    local.testRunDefault(local);","                // hide tests","                } else {","                    document.querySelector('#testReportDiv1').style.display = 'none';","                    document.querySelector('#testRunButton1').textContent = 'run internal test';","                }","                break;","            // custom-case","            default:","                break;","            }","            if (document.querySelector('#inputTextareaEval1') && (!event || (event &&","                    event.currentTarget &&","                    event.currentTarget.className &&","                    event.currentTarget.className.includes &&","                    event.currentTarget.className.includes('oneval')))) {","                // try to eval input-code","                try {","                    /*jslint evil: true*/","                    eval(document.querySelector('#inputTextareaEval1').value);","                } catch (errorCaught) {","                    console.error(errorCaught.stack);","                }","            }","        };","        // log stderr and stdout to #outputTextareaStdout1","        ['error', 'log'].forEach(function (key) {","            console[key + '_original'] = console[key];","            console[key] = function () {","                var element;","                console[key + '_original'].apply(console, arguments);","                element = document.querySelector('#outputTextareaStdout1');","                if (!element) {","                    return;","                }","                // append text to #outputTextareaStdout1","                element.value += Array.from(arguments).map(function (arg) {","                    return typeof arg === 'string'","                        ? arg","                        : JSON.stringify(arg, null, 4);","                }).join(' ') + '\\n';","                // scroll textarea to bottom","                element.scrollTop = element.scrollHeight;","            };","        });","        // init event-handling","        ['change', 'click', 'keyup'].forEach(function (event) {","            Array.from(document.querySelectorAll('.on' + event)).forEach(function (element) {","                element.addEventListener(event, local.testRunBrowser);","            });","        });","        // run tests","        local.testRunBrowser();","        break;","","","","    // run node js-env code - post-init","    /* istanbul ignore next */","    case 'node':","        // export local","        module.exports = local;","        // require modules","        local.fs = require('fs');","        local.http = require('http');","        local.url = require('url');","        // init assets","        local.assetsDict = local.assetsDict || {};","        /* jslint-ignore-begin */","        local.assetsDict['/assets.index.template.html'] = '\\","<!doctype html>\\n\\","<html lang=\"en\">\\n\\","<head>\\n\\","<meta charset=\"UTF-8\">\\n\\","<meta name=\"viewport\" content=\"width=device-width, initial-scale=1\">\\n\\","<title>{{env.npm_package_name}} (v{{env.npm_package_version}})</title>\\n\\","<style>\\n\\","/*csslint\\n\\","    box-sizing: false,\\n\\","    universal-selector: false\\n\\","*/\\n\\","* {\\n\\","    box-sizing: border-box;\\n\\","}\\n\\","body {\\n\\","    background: #dde;\\n\\","    font-family: Arial, Helvetica, sans-serif;\\n\\","    margin: 2rem;\\n\\","}\\n\\","body > * {\\n\\","    margin-bottom: 1rem;\\n\\","}\\n\\",".utility2FooterDiv {\\n\\","    margin-top: 20px;\\n\\","    text-align: center;\\n\\","}\\n\\","</style>\\n\\","<style>\\n\\","/*csslint\\n\\","*/\\n\\","textarea {\\n\\","    font-family: monospace;\\n\\","    height: 10rem;\\n\\","    width: 100%;\\n\\","}\\n\\","textarea[readonly] {\\n\\","    background: #ddd;\\n\\","}\\n\\","</style>\\n\\","</head>\\n\\","<body>\\n\\","<!-- utility2-comment\\n\\","<div id=\"ajaxProgressDiv1\" style=\"background: #d00; height: 2px; left: 0; margin: 0; padding: 0; position: fixed; top: 0; transition: background 0.5s, width 1.5s; width: 25%;\"></div>\\n\\","utility2-comment -->\\n\\","<h1>\\n\\","<!-- utility2-comment\\n\\","    <a\\n\\","        {{#if env.npm_package_homepage}}\\n\\","        href=\"{{env.npm_package_homepage}}\"\\n\\","        {{/if env.npm_package_homepage}}\\n\\","        target=\"_blank\"\\n\\","    >\\n\\","utility2-comment -->\\n\\","        {{env.npm_package_name}} (v{{env.npm_package_version}})\\n\\","<!-- utility2-comment\\n\\","    </a>\\n\\","utility2-comment -->\\n\\","</h1>\\n\\","<h3>{{env.npm_package_description}}</h3>\\n\\","<!-- utility2-comment\\n\\","<h4><a download href=\"assets.app.js\">download standalone app</a></h4>\\n\\","<button class=\"onclick onreset\" id=\"testRunButton1\">run internal test</button><br>\\n\\","<div id=\"testReportDiv1\" style=\"display: none;\"></div>\\n\\","utility2-comment -->\\n\\","\\n\\","\\n\\","\\n\\","<label>stderr and stdout</label>\\n\\","<textarea class=\"resettable\" id=\"outputTextareaStdout1\" readonly></textarea>\\n\\","<!-- utility2-comment\\n\\","{{#if isRollup}}\\n\\","<script src=\"assets.app.js\"></script>\\n\\","{{#unless isRollup}}\\n\\","utility2-comment -->\\n\\","<script src=\"assets.utility2.rollup.js\"></script>\\n\\","<script src=\"jsonp.utility2._stateInit?callback=window.utility2._stateInit\"></script>\\n\\","<script src=\"assets.npmtest_winston.rollup.js\"></script>\\n\\","<script src=\"assets.example.js\"></script>\\n\\","<script src=\"assets.test.js\"></script>\\n\\","<!-- utility2-comment\\n\\","{{/if isRollup}}\\n\\","utility2-comment -->\\n\\","<div class=\"utility2FooterDiv\">\\n\\","    [ this app was created with\\n\\","    <a href=\"https://github.com/kaizhu256/node-utility2\" target=\"_blank\">utility2</a>\\n\\","    ]\\n\\","</div>\\n\\","</body>\\n\\","</html>\\n\\","';","        /* jslint-ignore-end */","        if (local.templateRender) {","            local.assetsDict['/'] = local.templateRender(","                local.assetsDict['/assets.index.template.html'],","                {","                    env: local.objectSetDefault(local.env, {","                        npm_package_description: 'the greatest app in the world!',","                        npm_package_name: 'my-app',","                        npm_package_nameAlias: 'my_app',","                        npm_package_version: '0.0.1'","                    })","                }","            );","        } else {","            local.assetsDict['/'] = local.assetsDict['/assets.index.template.html']","                .replace((/\\{\\{env\\.(\\w+?)\\}\\}/g), function (match0, match1) {","                    // jslint-hack","                    String(match0);","                    switch (match1) {","                    case 'npm_package_description':","                        return 'the greatest app in the world!';","                    case 'npm_package_name':","                        return 'my-app';","                    case 'npm_package_nameAlias':","                        return 'my_app';","                    case 'npm_package_version':","                        return '0.0.1';","                    }","                });","        }","        // run the cli","        if (local.global.utility2_rollup || module !== require.main) {","            break;","        }","        local.assetsDict['/assets.example.js'] =","            local.assetsDict['/assets.example.js'] ||","            local.fs.readFileSync(__filename, 'utf8');","        local.assetsDict['/assets.npmtest_winston.rollup.js'] =","            local.assetsDict['/assets.npmtest_winston.rollup.js'] ||","            local.fs.readFileSync(","                // buildCustomOrg-hack","                local.npmtest_winston.__dirname +","                    '/lib.npmtest_winston.js',","                'utf8'","            ).replace((/^#!/), '//');","        local.assetsDict['/favicon.ico'] = local.assetsDict['/favicon.ico'] || '';","        // if $npm_config_timeout_exit exists,","        // then exit this process after $npm_config_timeout_exit ms","        if (Number(process.env.npm_config_timeout_exit)) {","            setTimeout(process.exit, Number(process.env.npm_config_timeout_exit));","        }","        // start server","        if (local.global.utility2_serverHttp1) {","            break;","        }","        process.env.PORT = process.env.PORT || '8081';","        console.error('server starting on port ' + process.env.PORT);","        local.http.createServer(function (request, response) {","            request.urlParsed = local.url.parse(request.url);","            if (local.assetsDict[request.urlParsed.pathname] !== undefined) {","                response.end(local.assetsDict[request.urlParsed.pathname]);","                return;","            }","            response.statusCode = 404;","            response.end();","        }).listen(process.env.PORT);","        break;","    }","}());",""],"l":{"26":2,"28":2,"33":2,"35":2,"37":2,"38":2,"39":2,"44":1,"51":2,"55":2,"59":2,"61":2,"69":1,"70":2,"76":2,"79":2,"82":2,"83":2,"85":1,"89":2,"92":1,"93":1,"94":1,"96":1,"97":1,"100":1,"101":1,"103":1,"106":1,"108":2,"114":1,"116":1,"118":1,"123":1,"124":2,"125":2,"126":2,"127":2,"128":2,"129":2,"130":1,"133":2,"134":2,"139":2,"143":1,"144":3,"145":1,"149":1,"150":1,"158":1,"160":1,"161":1,"162":1,"164":1,"166":1,"258":1,"259":1,"271":1,"274":6,"275":6,"277":1,"279":2,"281":1,"283":2,"288":1,"289":1,"291":1,"294":1,"302":1,"305":1,"306":1,"309":1,"310":1,"312":1,"313":1,"314":1,"315":1,"316":1,"317":1,"318":1,"320":1,"321":1,"323":1}},"/home/travis/build/npmtest/node-npmtest-winston/winston/lib/winston.js":{"path":"/home/travis/build/npmtest/node-npmtest-winston/winston/lib/winston.js","s":{"1":1,"2":1,"3":1,"4":1,"5":1,"6":1,"7":1,"8":1,"9":1,"10":1,"11":1,"12":1,"13":1,"14":1,"15":1,"16":1,"17":1,"18":1,"19":13,"20":0,"21":1,"22":0,"23":0,"24":0,"25":0,"26":0,"27":0,"28":0,"29":0,"30":1,"31":0,"32":0,"33":1,"34":0,"35":0,"36":0,"37":0,"38":1,"39":5,"40":0,"41":0,"42":1,"43":0},"b":{"1":[0,0]},"f":{"1":13,"2":0,"3":0,"4":0,"5":0,"6":0,"7":0,"8":5,"9":0,"10":0,"11":0},"fnMap":{"1":{"name":"(anonymous_1)","line":84,"loc":{"start":{"line":84,"column":16},"end":{"line":84,"column":34}}},"2":{"name":"(anonymous_2)","line":85,"loc":{"start":{"line":85,"column":20},"end":{"line":85,"column":32}}},"3":{"name":"(anonymous_3)","line":96,"loc":{"start":{"line":96,"column":14},"end":{"line":96,"column":26}}},"4":{"name":"(anonymous_4)","line":115,"loc":{"start":{"line":115,"column":20},"end":{"line":115,"column":38}}},"5":{"name":"(anonymous_5)","line":125,"loc":{"start":{"line":125,"column":7},"end":{"line":125,"column":19}}},"6":{"name":"(anonymous_6)","line":128,"loc":{"start":{"line":128,"column":7},"end":{"line":128,"column":22}}},"7":{"name":"(anonymous_7)","line":131,"loc":{"start":{"line":131,"column":50},"end":{"line":131,"column":64}}},"8":{"name":"(anonymous_8)","line":141,"loc":{"start":{"line":141,"column":79},"end":{"line":141,"column":95}}},"9":{"name":"(anonymous_9)","line":143,"loc":{"start":{"line":143,"column":9},"end":{"line":143,"column":21}}},"10":{"name":"(anonymous_10)","line":146,"loc":{"start":{"line":146,"column":9},"end":{"line":146,"column":24}}},"11":{"name":"(anonymous_11)","line":158,"loc":{"start":{"line":158,"column":7},"end":{"line":158,"column":19}}}},"statementMap":{"1":{"start":{"line":9,"column":0},"end":{"line":9,"column":22}},"2":{"start":{"line":14,"column":0},"end":{"line":14,"column":52}},"3":{"start":{"line":19,"column":0},"end":{"line":19,"column":53}},"4":{"start":{"line":24,"column":0},"end":{"line":24,"column":53}},"5":{"start":{"line":25,"column":0},"end":{"line":25,"column":37}},"6":{"start":{"line":26,"column":0},"end":{"line":26,"column":38}},"7":{"start":{"line":27,"column":0},"end":{"line":27,"column":47}},"8":{"start":{"line":28,"column":0},"end":{"line":28,"column":56}},"9":{"start":{"line":29,"column":0},"end":{"line":29,"column":53}},"10":{"start":{"line":30,"column":0},"end":{"line":30,"column":50}},"11":{"start":{"line":35,"column":0},"end":{"line":35,"column":66}},"12":{"start":{"line":36,"column":0},"end":{"line":36,"column":60}},"13":{"start":{"line":37,"column":0},"end":{"line":37,"column":77}},"14":{"start":{"line":51,"column":0},"end":{"line":51,"column":42}},"15":{"start":{"line":61,"column":0},"end":{"line":63,"column":3}},"16":{"start":{"line":68,"column":0},"end":{"line":82,"column":2}},"17":{"start":{"line":83,"column":0},"end":{"line":83,"column":54}},"18":{"start":{"line":84,"column":0},"end":{"line":88,"column":3}},"19":{"start":{"line":85,"column":2},"end":{"line":87,"column":4}},"20":{"start":{"line":86,"column":4},"end":{"line":86,"column":65}},"21":{"start":{"line":96,"column":0},"end":{"line":108,"column":2}},"22":{"start":{"line":97,"column":2},"end":{"line":97,"column":27}},"23":{"start":{"line":98,"column":2},"end":{"line":98,"column":77}},"24":{"start":{"line":99,"column":2},"end":{"line":99,"column":53}},"25":{"start":{"line":100,"column":2},"end":{"line":100,"column":54}},"26":{"start":{"line":102,"column":2},"end":{"line":105,"column":3}},"27":{"start":{"line":103,"column":4},"end":{"line":103,"column":53}},"28":{"start":{"line":104,"column":4},"end":{"line":104,"column":55}},"29":{"start":{"line":107,"column":2},"end":{"line":107,"column":17}},"30":{"start":{"line":115,"column":0},"end":{"line":118,"column":2}},"31":{"start":{"line":116,"column":2},"end":{"line":116,"column":58}},"32":{"start":{"line":117,"column":2},"end":{"line":117,"column":34}},"33":{"start":{"line":124,"column":0},"end":{"line":135,"column":3}},"34":{"start":{"line":126,"column":4},"end":{"line":126,"column":31}},"35":{"start":{"line":129,"column":4},"end":{"line":129,"column":30}},"36":{"start":{"line":131,"column":4},"end":{"line":133,"column":7}},"37":{"start":{"line":132,"column":6},"end":{"line":132,"column":48}},"38":{"start":{"line":141,"column":0},"end":{"line":150,"column":3}},"39":{"start":{"line":142,"column":2},"end":{"line":149,"column":5}},"40":{"start":{"line":144,"column":6},"end":{"line":144,"column":33}},"41":{"start":{"line":147,"column":6},"end":{"line":147,"column":32}},"42":{"start":{"line":157,"column":0},"end":{"line":164,"column":3}},"43":{"start":{"line":159,"column":4},"end":{"line":162,"column":6}}},"branchMap":{"1":{"line":102,"type":"if","locations":[{"start":{"line":102,"column":2},"end":{"line":102,"column":2}},{"start":{"line":102,"column":2},"end":{"line":102,"column":2}}]}},"code":["/*"," * winston.js: Top-level include defining Winston."," *"," * (C) 2010 Charlie Robbins"," * MIT LICENCE"," *"," */","","var winston = exports;","","//","// use require method for webpack bundle","//","winston.version = require('../package.json').version","","//","// Include transports defined by default by winston","//","winston.transports = require('./winston/transports');","","//","// Expose utility methods","//","var common             = require('./winston/common');","winston.hash           = common.hash;","winston.clone          = common.clone;","winston.longestElement = common.longestElement;","winston.exception      = require('./winston/exception');","winston.config         = require('./winston/config');","winston.addColors      = winston.config.addColors;","","//","// Expose core Logging-related prototypes.","//","winston.Container      = require('./winston/container').Container;","winston.Logger         = require('./winston/logger').Logger;","winston.Transport      = require('./winston/transports/transport').Transport;","","//","// We create and expose a default `Container` to `winston.loggers` so that the","// programmer may manage multiple `winston.Logger` instances without any additional overhead.","//","// ### some-file1.js","//","//     var logger = require('winston').loggers.get('something');","//","// ### some-file2.js","//","//     var logger = require('winston').loggers.get('something');","//","winston.loggers = new winston.Container();","","//","// We create and expose a 'defaultLogger' so that the programmer may do the","// following without the need to create an instance of winston.Logger directly:","//","//     var winston = require('winston');","//     winston.log('info', 'some message');","//     winston.error('some error');","//","var defaultLogger = new winston.Logger({","  transports: [new winston.transports.Console()]","});","","//","// Pass through the target methods onto `winston`.","//","var methods = [","  'log',","  'query',","  'stream',","  'add',","  'remove',","  'clear',","  'profile',","  'startTimer',","  'extend',","  'cli',","  'handleExceptions',","  'unhandleExceptions',","  'configure'","];","common.setLevels(winston, null, defaultLogger.levels);","methods.forEach(function (method) {","  winston[method] = function () {","    return defaultLogger[method].apply(defaultLogger, arguments);","  };","});","","//","// ### function cli ()","// Configures the default winston logger to have the","// settings for command-line interfaces: no timestamp,","// colors enabled, padded output, and additional levels.","//","winston.cli = function () {","  winston.padLevels = true;","  common.setLevels(winston, defaultLogger.levels, winston.config.cli.levels);","  defaultLogger.setLevels(winston.config.cli.levels);","  winston.config.addColors(winston.config.cli.colors);","","  if (defaultLogger.transports.console) {","    defaultLogger.transports.console.colorize = true;","    defaultLogger.transports.console.timestamp = false;","  }","","  return winston;","};","","//","// ### function setLevels (target)","// #### @target {Object} Target levels to use","// Sets the `target` levels specified on the default winston logger.","//","winston.setLevels = function (target) {","  common.setLevels(winston, defaultLogger.levels, target);","  defaultLogger.setLevels(target);","};","","//","// Define getter / setter for the default logger level","// which need to be exposed by winston.","//","Object.defineProperty(winston, 'level', {","  get: function () {","    return defaultLogger.level;","  },","  set: function (val) {","    defaultLogger.level = val;","","    Object.keys(defaultLogger.transports).forEach(function(key) {","      defaultLogger.transports[key].level = val;","    });","  }","});","","//","// Define getters / setters for appropriate properties of the","// default logger which need to be exposed by winston.","//","['emitErrs', 'exitOnError', 'padLevels', 'levelLength', 'stripColors'].forEach(function (prop) {","  Object.defineProperty(winston, prop, {","    get: function () {","      return defaultLogger[prop];","    },","    set: function (val) {","      defaultLogger[prop] = val;","    }","  });","});","","//","// @default {Object}","// The default transports and exceptionHandlers for","// the default winston logger.","//","Object.defineProperty(winston, 'default', {","  get: function () {","    return {","      transports: defaultLogger.transports,","      exceptionHandlers: defaultLogger.exceptionHandlers","    };","  }","});",""],"l":{"9":1,"14":1,"19":1,"24":1,"25":1,"26":1,"27":1,"28":1,"29":1,"30":1,"35":1,"36":1,"37":1,"51":1,"61":1,"68":1,"83":1,"84":1,"85":13,"86":0,"96":1,"97":0,"98":0,"99":0,"100":0,"102":0,"103":0,"104":0,"107":0,"115":1,"116":0,"117":0,"124":1,"126":0,"129":0,"131":0,"132":0,"141":1,"142":5,"144":0,"147":0,"157":1,"159":0}},"/home/travis/build/npmtest/node-npmtest-winston/winston/lib/winston/transports.js":{"path":"/home/travis/build/npmtest/node-npmtest-winston/winston/lib/winston/transports.js","s":{"1":1,"2":2,"3":1,"4":0,"5":1,"6":0,"7":1,"8":0},"b":{},"f":{"1":2,"2":0,"3":0,"4":0},"fnMap":{"1":{"name":"(anonymous_1)","line":12,"loc":{"start":{"line":12,"column":7},"end":{"line":12,"column":19}}},"2":{"name":"(anonymous_2)","line":19,"loc":{"start":{"line":19,"column":7},"end":{"line":19,"column":19}}},"3":{"name":"(anonymous_3)","line":26,"loc":{"start":{"line":26,"column":7},"end":{"line":26,"column":19}}},"4":{"name":"(anonymous_4)","line":33,"loc":{"start":{"line":33,"column":7},"end":{"line":33,"column":19}}}},"statementMap":{"1":{"start":{"line":9,"column":0},"end":{"line":15,"column":3}},"2":{"start":{"line":13,"column":4},"end":{"line":13,"column":51}},"3":{"start":{"line":16,"column":0},"end":{"line":22,"column":3}},"4":{"start":{"line":20,"column":4},"end":{"line":20,"column":45}},"5":{"start":{"line":23,"column":0},"end":{"line":29,"column":3}},"6":{"start":{"line":27,"column":4},"end":{"line":27,"column":45}},"7":{"start":{"line":30,"column":0},"end":{"line":36,"column":3}},"8":{"start":{"line":34,"column":4},"end":{"line":34,"column":49}}},"branchMap":{},"code":["/*"," * transports.js: Set of all transports Winston knows about"," *"," * (C) 2010 Charlie Robbins"," * MIT LICENCE"," *"," */","","Object.defineProperty(exports, 'Console', {","  configurable: true,","  enumerable: true,","  get: function () {","    return require('./transports/console').Console;","  }","});","Object.defineProperty(exports, 'File', {","  configurable: true,","  enumerable: true,","  get: function () {","    return require('./transports/file').File;","  }","});","Object.defineProperty(exports, 'Http', {","  configurable: true,","  enumerable: true,","  get: function () {","    return require('./transports/http').Http;","  }","});","Object.defineProperty(exports, 'Memory', {","  configurable: true,","  enumerable: true,","  get: function () {","    return require('./transports/memory').Memory;","  }","});",""],"l":{"9":1,"13":2,"16":1,"20":0,"23":1,"27":0,"30":1,"34":0}},"/home/travis/build/npmtest/node-npmtest-winston/winston/lib/winston/common.js":{"path":"/home/travis/build/npmtest/node-npmtest-winston/winston/lib/winston/common.js","s":{"1":1,"2":1,"3":2,"4":2,"5":0,"6":0,"7":2,"8":2,"9":0,"10":2,"11":12,"12":0,"13":0,"14":12,"15":0,"16":0,"17":2,"18":1,"19":0,"20":0,"21":1,"22":0,"23":0,"24":0,"25":0,"26":0,"27":0,"28":0,"29":0,"30":0,"31":0,"32":0,"33":0,"34":0,"35":0,"36":0,"37":0,"38":0,"39":0,"40":0,"41":0,"42":1,"43":0,"44":0,"45":0,"46":0,"47":0,"48":0,"49":0,"50":0,"51":0,"52":0,"53":0,"54":0,"55":0,"56":0,"57":0,"58":0,"59":0,"60":0,"61":0,"62":0,"63":0,"64":0,"65":0,"66":0,"67":0,"68":0,"69":0,"70":0,"71":0,"72":0,"73":0,"74":0,"75":0,"76":0,"77":0,"78":0,"79":0,"80":0,"81":0,"82":0,"83":0,"84":0,"85":0,"86":0,"87":0,"88":0,"89":0,"90":0,"91":0,"92":0,"93":0,"94":0,"95":0,"96":0,"97":0,"98":0,"99":0,"100":0,"101":0,"102":0,"103":0,"104":0,"105":0,"106":1,"107":0,"108":1,"109":0,"110":1,"111":0,"112":1,"113":0,"114":1,"115":0,"116":0,"117":0,"118":0,"119":0,"120":0,"121":0,"122":0,"123":0,"124":0,"125":0,"126":0,"127":0,"128":0,"129":0,"130":0,"131":0,"132":0,"133":0,"134":0,"135":0,"136":0,"137":0,"138":0,"139":0,"140":0,"141":0,"142":0,"143":0,"144":1,"145":0,"146":0,"147":0,"148":0,"149":0,"150":0,"151":0,"152":0,"153":0,"154":0,"155":0,"156":0,"157":0,"158":0,"159":0,"160":0,"161":0,"162":0,"163":0,"164":0,"165":0,"166":0,"167":0,"168":0,"169":0,"170":0,"171":0,"172":0,"173":0,"174":0,"175":0,"176":0,"177":0,"178":0,"179":0,"180":0,"181":0,"182":0,"183":0,"184":0,"185":0,"186":0,"187":0,"188":0,"189":0,"190":0,"191":0,"192":0,"193":0,"194":0,"195":0,"196":1,"197":2,"198":0,"199":2,"200":4,"201":0,"202":4,"203":4},"b":{"1":[0,2],"2":[2,1],"3":[0,2],"4":[0,12],"5":[0,0],"6":[0,0],"7":[0,0],"8":[0,0],"9":[0,0],"10":[0,0],"11":[0,0],"12":[0,0],"13":[0,0],"14":[0,0],"15":[0,0],"16":[0,0],"17":[0,0,0],"18":[0,0],"19":[0,0],"20":[0,0],"21":[0,0],"22":[0,0],"23":[0,0],"24":[0,0],"25":[0,0],"26":[0,0],"27":[0,0],"28":[0,0],"29":[0,0],"30":[0,0],"31":[0,0],"32":[0,0],"33":[0,0],"34":[0,0],"35":[0,0],"36":[0,0],"37":[0,0],"38":[0,0],"39":[0,0],"40":[0,0],"41":[0,0],"42":[0,0,0],"43":[0,0],"44":[0,0],"45":[0,0],"46":[0,0],"47":[0,0],"48":[0,0],"49":[0,0],"50":[0,0],"51":[0,0],"52":[0,0,0],"53":[0,0],"54":[0,0],"55":[0,0],"56":[0,0],"57":[0,0],"58":[0,0],"59":[0,0,0,0,0,0,0],"60":[0,0],"61":[0,0],"62":[0,0],"63":[0,0],"64":[0,0],"65":[0,0],"66":[0,0],"67":[0,0],"68":[0,0],"69":[0,0],"70":[0,0],"71":[0,0],"72":[0,0],"73":[0,0],"74":[0,0],"75":[0,0],"76":[0,0],"77":[0,0],"78":[0,0],"79":[0,0],"80":[0,0],"81":[0,0],"82":[0,0],"83":[0,0],"84":[0,0],"85":[0,0],"86":[0,0],"87":[0,0],"88":[0,0],"89":[0,0],"90":[0,0],"91":[0,0],"92":[0,2],"93":[0,4],"94":[4,0]},"f":{"1":2,"2":0,"3":12,"4":0,"5":0,"6":0,"7":0,"8":0,"9":0,"10":0,"11":0,"12":0,"13":0,"14":0,"15":0,"16":0,"17":0,"18":0,"19":0,"20":0,"21":2,"22":4},"fnMap":{"1":{"name":"(anonymous_1)","line":26,"loc":{"start":{"line":26,"column":20},"end":{"line":26,"column":64}}},"2":{"name":"(anonymous_2)","line":29,"loc":{"start":{"line":29,"column":30},"end":{"line":29,"column":47}}},"3":{"name":"(anonymous_3)","line":43,"loc":{"start":{"line":43,"column":37},"end":{"line":43,"column":54}}},"4":{"name":"(anonymous_4)","line":51,"loc":{"start":{"line":51,"column":20},"end":{"line":51,"column":35}}},"5":{"name":"(anonymous_5)","line":66,"loc":{"start":{"line":66,"column":25},"end":{"line":66,"column":39}}},"6":{"name":"(anonymous_6)","line":69,"loc":{"start":{"line":69,"column":11},"end":{"line":69,"column":24}}},"7":{"name":"(anonymous_7)","line":79,"loc":{"start":{"line":79,"column":16},"end":{"line":79,"column":31}}},"8":{"name":"(anonymous_8)","line":89,"loc":{"start":{"line":89,"column":44},"end":{"line":89,"column":59}}},"9":{"name":"(anonymous_9)","line":136,"loc":{"start":{"line":136,"column":14},"end":{"line":136,"column":33}}},"10":{"name":"(anonymous_10)","line":206,"loc":{"start":{"line":206,"column":34},"end":{"line":206,"column":56}}},"11":{"name":"(anonymous_11)","line":277,"loc":{"start":{"line":277,"column":21},"end":{"line":277,"column":36}}},"12":{"name":"(anonymous_12)","line":287,"loc":{"start":{"line":287,"column":15},"end":{"line":287,"column":30}}},"13":{"name":"(anonymous_13)","line":295,"loc":{"start":{"line":295,"column":14},"end":{"line":295,"column":27}}},"14":{"name":"(anonymous_14)","line":303,"loc":{"start":{"line":303,"column":20},"end":{"line":303,"column":32}}},"15":{"name":"(anonymous_15)","line":314,"loc":{"start":{"line":314,"column":20},"end":{"line":314,"column":40}}},"16":{"name":"(anonymous_16)","line":379,"loc":{"start":{"line":379,"column":19},"end":{"line":379,"column":47}}},"17":{"name":"(anonymous_17)","line":392,"loc":{"start":{"line":392,"column":19},"end":{"line":392,"column":30}}},"18":{"name":"(anonymous_18)","line":398,"loc":{"start":{"line":398,"column":38},"end":{"line":398,"column":56}}},"19":{"name":"read","line":409,"loc":{"start":{"line":409,"column":5},"end":{"line":409,"column":21}}},"20":{"name":"(anonymous_20)","line":415,"loc":{"start":{"line":415,"column":56},"end":{"line":415,"column":77}}},"21":{"name":"(anonymous_21)","line":484,"loc":{"start":{"line":484,"column":27},"end":{"line":484,"column":55}}},"22":{"name":"(anonymous_22)","line":488,"loc":{"start":{"line":488,"column":25},"end":{"line":488,"column":44}}}},"statementMap":{"1":{"start":{"line":9,"column":0},"end":{"line":15,"column":33}},"2":{"start":{"line":26,"column":0},"end":{"line":59,"column":2}},"3":{"start":{"line":27,"column":2},"end":{"line":27,"column":18}},"4":{"start":{"line":28,"column":2},"end":{"line":32,"column":3}},"5":{"start":{"line":29,"column":4},"end":{"line":31,"column":7}},"6":{"start":{"line":30,"column":6},"end":{"line":30,"column":27}},"7":{"start":{"line":34,"column":2},"end":{"line":34,"column":47}},"8":{"start":{"line":35,"column":2},"end":{"line":37,"column":3}},"9":{"start":{"line":36,"column":4},"end":{"line":36,"column":76}},"10":{"start":{"line":43,"column":2},"end":{"line":56,"column":5}},"11":{"start":{"line":46,"column":4},"end":{"line":49,"column":5}},"12":{"start":{"line":47,"column":6},"end":{"line":47,"column":111}},"13":{"start":{"line":48,"column":6},"end":{"line":48,"column":13}},"14":{"start":{"line":51,"column":4},"end":{"line":55,"column":6}},"15":{"start":{"line":53,"column":6},"end":{"line":53,"column":71}},"16":{"start":{"line":54,"column":6},"end":{"line":54,"column":37}},"17":{"start":{"line":58,"column":2},"end":{"line":58,"column":16}},"18":{"start":{"line":66,"column":0},"end":{"line":71,"column":2}},"19":{"start":{"line":67,"column":2},"end":{"line":70,"column":4}},"20":{"start":{"line":69,"column":26},"end":{"line":69,"column":42}},"21":{"start":{"line":79,"column":0},"end":{"line":118,"column":2}},"22":{"start":{"line":83,"column":2},"end":{"line":83,"column":16}},"23":{"start":{"line":85,"column":2},"end":{"line":100,"column":3}},"24":{"start":{"line":88,"column":4},"end":{"line":88,"column":36}},"25":{"start":{"line":89,"column":4},"end":{"line":91,"column":7}},"26":{"start":{"line":90,"column":6},"end":{"line":90,"column":27}},"27":{"start":{"line":93,"column":4},"end":{"line":93,"column":16}},"28":{"start":{"line":95,"column":7},"end":{"line":100,"column":3}},"29":{"start":{"line":96,"column":4},"end":{"line":96,"column":15}},"30":{"start":{"line":98,"column":7},"end":{"line":100,"column":3}},"31":{"start":{"line":99,"column":4},"end":{"line":99,"column":35}},"32":{"start":{"line":102,"column":2},"end":{"line":115,"column":3}},"33":{"start":{"line":103,"column":4},"end":{"line":114,"column":5}},"34":{"start":{"line":104,"column":6},"end":{"line":104,"column":32}},"35":{"start":{"line":106,"column":9},"end":{"line":114,"column":5}},"36":{"start":{"line":107,"column":8},"end":{"line":107,"column":34}},"37":{"start":{"line":109,"column":9},"end":{"line":114,"column":5}},"38":{"start":{"line":110,"column":6},"end":{"line":110,"column":74}},"39":{"start":{"line":112,"column":9},"end":{"line":114,"column":5}},"40":{"start":{"line":113,"column":6},"end":{"line":113,"column":23}},"41":{"start":{"line":117,"column":2},"end":{"line":117,"column":14}},"42":{"start":{"line":136,"column":0},"end":{"line":275,"column":2}},"43":{"start":{"line":137,"column":2},"end":{"line":145,"column":13}},"44":{"start":{"line":150,"column":2},"end":{"line":167,"column":3}},"45":{"start":{"line":151,"column":4},"end":{"line":153,"column":5}},"46":{"start":{"line":152,"column":6},"end":{"line":152,"column":28}},"47":{"start":{"line":154,"column":4},"end":{"line":154,"column":47}},"48":{"start":{"line":155,"column":4},"end":{"line":155,"column":35}},"49":{"start":{"line":162,"column":4},"end":{"line":164,"column":24}},"50":{"start":{"line":166,"column":4},"end":{"line":166,"column":34}},"51":{"start":{"line":172,"column":2},"end":{"line":211,"column":3}},"52":{"start":{"line":173,"column":4},"end":{"line":175,"column":5}},"53":{"start":{"line":174,"column":6},"end":{"line":174,"column":28}},"54":{"start":{"line":177,"column":4},"end":{"line":177,"column":47}},"55":{"start":{"line":178,"column":4},"end":{"line":178,"column":35}},"56":{"start":{"line":179,"column":4},"end":{"line":179,"column":42}},"57":{"start":{"line":181,"column":4},"end":{"line":181,"column":56}},"58":{"start":{"line":181,"column":25},"end":{"line":181,"column":54}},"59":{"start":{"line":182,"column":4},"end":{"line":182,"column":62}},"60":{"start":{"line":182,"column":27},"end":{"line":182,"column":60}},"61":{"start":{"line":183,"column":4},"end":{"line":183,"column":52}},"62":{"start":{"line":183,"column":21},"end":{"line":183,"column":50}},"63":{"start":{"line":185,"column":4},"end":{"line":200,"column":5}},"64":{"start":{"line":187,"column":6},"end":{"line":187,"column":30}},"65":{"start":{"line":188,"column":6},"end":{"line":191,"column":7}},"66":{"start":{"line":189,"column":8},"end":{"line":189,"column":52}},"67":{"start":{"line":190,"column":8},"end":{"line":190,"column":30}},"68":{"start":{"line":193,"column":6},"end":{"line":196,"column":7}},"69":{"start":{"line":194,"column":8},"end":{"line":194,"column":56}},"70":{"start":{"line":195,"column":8},"end":{"line":195,"column":32}},"71":{"start":{"line":198,"column":6},"end":{"line":198,"column":56}},"72":{"start":{"line":199,"column":6},"end":{"line":199,"column":30}},"73":{"start":{"line":202,"column":4},"end":{"line":204,"column":5}},"74":{"start":{"line":203,"column":6},"end":{"line":203,"column":39}},"75":{"start":{"line":206,"column":4},"end":{"line":210,"column":7}},"76":{"start":{"line":207,"column":6},"end":{"line":209,"column":16}},"77":{"start":{"line":216,"column":2},"end":{"line":219,"column":3}},"78":{"start":{"line":217,"column":4},"end":{"line":217,"column":24}},"79":{"start":{"line":218,"column":4},"end":{"line":218,"column":61}},"80":{"start":{"line":221,"column":2},"end":{"line":221,"column":46}},"81":{"start":{"line":222,"column":2},"end":{"line":226,"column":3}},"82":{"start":{"line":223,"column":4},"end":{"line":225,"column":22}},"83":{"start":{"line":228,"column":2},"end":{"line":228,"column":40}},"84":{"start":{"line":229,"column":2},"end":{"line":229,"column":49}},"85":{"start":{"line":230,"column":2},"end":{"line":230,"column":62}},"86":{"start":{"line":231,"column":2},"end":{"line":233,"column":22}},"87":{"start":{"line":235,"column":2},"end":{"line":272,"column":3}},"88":{"start":{"line":236,"column":4},"end":{"line":238,"column":5}},"89":{"start":{"line":237,"column":6},"end":{"line":237,"column":24}},"90":{"start":{"line":240,"column":4},"end":{"line":271,"column":5}},"91":{"start":{"line":241,"column":6},"end":{"line":241,"column":27}},"92":{"start":{"line":243,"column":9},"end":{"line":271,"column":5}},"93":{"start":{"line":244,"column":6},"end":{"line":270,"column":7}},"94":{"start":{"line":245,"column":8},"end":{"line":245,"column":50}},"95":{"start":{"line":246,"column":13},"end":{"line":270,"column":7}},"96":{"start":{"line":247,"column":8},"end":{"line":247,"column":98}},"97":{"start":{"line":248,"column":13},"end":{"line":270,"column":7}},"98":{"start":{"line":260,"column":8},"end":{"line":260,"column":31}},"99":{"start":{"line":261,"column":8},"end":{"line":261,"column":26}},"100":{"start":{"line":262,"column":8},"end":{"line":262,"column":26}},"101":{"start":{"line":263,"column":8},"end":{"line":263,"column":48}},"102":{"start":{"line":265,"column":8},"end":{"line":267,"column":9}},"103":{"start":{"line":266,"column":10},"end":{"line":266,"column":44}},"104":{"start":{"line":269,"column":8},"end":{"line":269,"column":48}},"105":{"start":{"line":274,"column":2},"end":{"line":274,"column":16}},"106":{"start":{"line":277,"column":0},"end":{"line":279,"column":2}},"107":{"start":{"line":278,"column":2},"end":{"line":278,"column":52}},"108":{"start":{"line":287,"column":0},"end":{"line":289,"column":2}},"109":{"start":{"line":288,"column":2},"end":{"line":288,"column":61}},"110":{"start":{"line":295,"column":0},"end":{"line":297,"column":2}},"111":{"start":{"line":296,"column":2},"end":{"line":296,"column":56}},"112":{"start":{"line":303,"column":0},"end":{"line":305,"column":2}},"113":{"start":{"line":304,"column":2},"end":{"line":304,"column":34}},"114":{"start":{"line":314,"column":0},"end":{"line":371,"column":2}},"115":{"start":{"line":316,"column":2},"end":{"line":318,"column":3}},"116":{"start":{"line":317,"column":4},"end":{"line":317,"column":24}},"117":{"start":{"line":319,"column":2},"end":{"line":321,"column":3}},"118":{"start":{"line":320,"column":4},"end":{"line":320,"column":24}},"119":{"start":{"line":323,"column":2},"end":{"line":331,"column":3}},"120":{"start":{"line":324,"column":4},"end":{"line":324,"column":17}},"121":{"start":{"line":326,"column":7},"end":{"line":331,"column":3}},"122":{"start":{"line":327,"column":4},"end":{"line":327,"column":22}},"123":{"start":{"line":329,"column":7},"end":{"line":331,"column":3}},"124":{"start":{"line":330,"column":4},"end":{"line":330,"column":18}},"125":{"start":{"line":333,"column":2},"end":{"line":335,"column":3}},"126":{"start":{"line":334,"column":4},"end":{"line":334,"column":39}},"127":{"start":{"line":337,"column":2},"end":{"line":339,"column":3}},"128":{"start":{"line":338,"column":4},"end":{"line":338,"column":77}},"129":{"start":{"line":341,"column":2},"end":{"line":343,"column":27}},"130":{"start":{"line":345,"column":2},"end":{"line":368,"column":3}},"131":{"start":{"line":346,"column":4},"end":{"line":363,"column":5}},"132":{"start":{"line":347,"column":6},"end":{"line":347,"column":28}},"133":{"start":{"line":349,"column":6},"end":{"line":354,"column":7}},"134":{"start":{"line":350,"column":8},"end":{"line":350,"column":50}},"135":{"start":{"line":351,"column":8},"end":{"line":353,"column":9}},"136":{"start":{"line":352,"column":10},"end":{"line":352,"column":22}},"137":{"start":{"line":356,"column":6},"end":{"line":356,"column":17}},"138":{"start":{"line":358,"column":9},"end":{"line":363,"column":5}},"139":{"start":{"line":359,"column":6},"end":{"line":359,"column":42}},"140":{"start":{"line":362,"column":6},"end":{"line":362,"column":54}},"141":{"start":{"line":365,"column":4},"end":{"line":367,"column":5}},"142":{"start":{"line":366,"column":6},"end":{"line":366,"column":18}},"143":{"start":{"line":370,"column":2},"end":{"line":370,"column":13}},"144":{"start":{"line":379,"column":0},"end":{"line":476,"column":2}},"145":{"start":{"line":380,"column":2},"end":{"line":385,"column":14}},"146":{"start":{"line":387,"column":2},"end":{"line":389,"column":3}},"147":{"start":{"line":388,"column":4},"end":{"line":388,"column":25}},"148":{"start":{"line":391,"column":2},"end":{"line":391,"column":25}},"149":{"start":{"line":392,"column":2},"end":{"line":396,"column":4}},"150":{"start":{"line":393,"column":4},"end":{"line":393,"column":28}},"151":{"start":{"line":394,"column":4},"end":{"line":394,"column":23}},"152":{"start":{"line":395,"column":4},"end":{"line":395,"column":25}},"153":{"start":{"line":398,"column":2},"end":{"line":469,"column":5}},"154":{"start":{"line":399,"column":4},"end":{"line":407,"column":5}},"155":{"start":{"line":400,"column":6},"end":{"line":404,"column":7}},"156":{"start":{"line":401,"column":8},"end":{"line":401,"column":34}},"157":{"start":{"line":403,"column":8},"end":{"line":403,"column":22}},"158":{"start":{"line":405,"column":6},"end":{"line":405,"column":23}},"159":{"start":{"line":406,"column":6},"end":{"line":406,"column":13}},"160":{"start":{"line":409,"column":4},"end":{"line":468,"column":9}},"161":{"start":{"line":410,"column":6},"end":{"line":413,"column":7}},"162":{"start":{"line":411,"column":8},"end":{"line":411,"column":21}},"163":{"start":{"line":412,"column":8},"end":{"line":412,"column":15}},"164":{"start":{"line":415,"column":6},"end":{"line":467,"column":9}},"165":{"start":{"line":416,"column":8},"end":{"line":424,"column":9}},"166":{"start":{"line":417,"column":10},"end":{"line":421,"column":11}},"167":{"start":{"line":418,"column":12},"end":{"line":418,"column":38}},"168":{"start":{"line":420,"column":12},"end":{"line":420,"column":26}},"169":{"start":{"line":422,"column":10},"end":{"line":422,"column":27}},"170":{"start":{"line":423,"column":10},"end":{"line":423,"column":17}},"171":{"start":{"line":426,"column":8},"end":{"line":439,"column":9}},"172":{"start":{"line":427,"column":10},"end":{"line":437,"column":11}},"173":{"start":{"line":428,"column":12},"end":{"line":434,"column":13}},"174":{"start":{"line":429,"column":14},"end":{"line":433,"column":15}},"175":{"start":{"line":430,"column":16},"end":{"line":430,"column":42}},"176":{"start":{"line":432,"column":16},"end":{"line":432,"column":37}},"177":{"start":{"line":435,"column":12},"end":{"line":435,"column":18}},"178":{"start":{"line":436,"column":12},"end":{"line":436,"column":22}},"179":{"start":{"line":438,"column":10},"end":{"line":438,"column":40}},"180":{"start":{"line":441,"column":8},"end":{"line":441,"column":56}},"181":{"start":{"line":443,"column":8},"end":{"line":445,"column":9}},"182":{"start":{"line":444,"column":10},"end":{"line":444,"column":36}},"183":{"start":{"line":447,"column":8},"end":{"line":449,"column":18}},"184":{"start":{"line":451,"column":8},"end":{"line":460,"column":9}},"185":{"start":{"line":452,"column":10},"end":{"line":458,"column":11}},"186":{"start":{"line":453,"column":12},"end":{"line":457,"column":13}},"187":{"start":{"line":454,"column":14},"end":{"line":454,"column":43}},"188":{"start":{"line":456,"column":14},"end":{"line":456,"column":38}},"189":{"start":{"line":459,"column":10},"end":{"line":459,"column":16}},"190":{"start":{"line":462,"column":8},"end":{"line":462,"column":23}},"191":{"start":{"line":464,"column":8},"end":{"line":464,"column":21}},"192":{"start":{"line":466,"column":8},"end":{"line":466,"column":22}},"193":{"start":{"line":471,"column":2},"end":{"line":473,"column":3}},"194":{"start":{"line":472,"column":4},"end":{"line":472,"column":18}},"195":{"start":{"line":475,"column":2},"end":{"line":475,"column":24}},"196":{"start":{"line":484,"column":0},"end":{"line":495,"column":2}},"197":{"start":{"line":485,"column":2},"end":{"line":487,"column":3}},"198":{"start":{"line":486,"column":4},"end":{"line":486,"column":67}},"199":{"start":{"line":488,"column":2},"end":{"line":494,"column":26}},"200":{"start":{"line":489,"column":4},"end":{"line":491,"column":5}},"201":{"start":{"line":490,"column":6},"end":{"line":490,"column":30}},"202":{"start":{"line":492,"column":4},"end":{"line":492,"column":19}},"203":{"start":{"line":493,"column":4},"end":{"line":493,"column":15}}},"branchMap":{"1":{"line":28,"type":"if","locations":[{"start":{"line":28,"column":2},"end":{"line":28,"column":2}},{"start":{"line":28,"column":2},"end":{"line":28,"column":2}}]},"2":{"line":34,"type":"binary-expr","locations":[{"start":{"line":34,"column":18},"end":{"line":34,"column":25}},{"start":{"line":34,"column":29},"end":{"line":34,"column":46}}]},"3":{"line":35,"type":"if","locations":[{"start":{"line":35,"column":2},"end":{"line":35,"column":2}},{"start":{"line":35,"column":
[...]
column":3}},"34":{"start":{"line":120,"column":4},"end":{"line":120,"column":22}},"35":{"start":{"line":123,"column":2},"end":{"line":130,"column":3}},"36":{"start":{"line":124,"column":4},"end":{"line":129,"column":5}},"37":{"start":{"line":125,"column":6},"end":{"line":125,"column":20}},"38":{"start":{"line":126,"column":6},"end":{"line":126,"column":48}},"39":{"start":{"line":127,"column":6},"end":{"line":127,"column":47}},"40":{"start":{"line":128,"column":6},"end":{"line":128,"column":17}},"41":{"start":{"line":132,"column":2},"end":{"line":132,"column":34}},"42":{"start":{"line":133,"column":2},"end":{"line":133,"column":33}},"43":{"start":{"line":134,"column":2},"end":{"line":134,"column":61}}},"branchMap":{"1":{"line":21,"type":"binary-expr","locations":[{"start":{"line":21,"column":19},"end":{"line":21,"column":26}},{"start":{"line":21,"column":37},"end":{"line":21,"column":39}}]},"2":{"line":22,"type":"binary-expr","locations":[{"start":{"line":22,"column":19},"end":{"line":22,"column":33}},{"start":{"line":22,"column":37},"end":{"line":22,"column":42}}]},"3":{"line":23,"type":"binary-expr","locations":[{"start":{"line":23,"column":19},"end":{"line":23,"column":30}},{"start":{"line":23,"column":37},"end":{"line":23,"column":42}}]},"4":{"line":24,"type":"binary-expr","locations":[{"start":{"line":24,"column":19},"end":{"line":24,"column":31}},{"start":{"line":24,"column":37},"end":{"line":24,"column":46}}]},"5":{"line":34,"type":"binary-expr","locations":[{"start":{"line":34,"column":26},"end":{"line":34,"column":50}},{"start":{"line":34,"column":54},"end":{"line":34,"column":59}}]},"6":{"line":35,"type":"binary-expr","locations":[{"start":{"line":35,"column":26},"end":{"line":35,"column":49}},{"start":{"line":35,"column":53},"end":{"line":35,"column":60}}]},"7":{"line":36,"type":"binary-expr","locations":[{"start":{"line":36,"column":41},"end":{"line":36,"column":80}},{"start":{"line":36,"column":84},"end":{"line":36,"column":89}}]},"8":{"line":65,"type":"binary-expr","locations":[{"start":{"line":65,"column":12},"end":{"line":65,"column":19}},{"start":{"line":65,"column":23},"end":{"line":65,"column":25}}]},"9":{"line":68,"type":"binary-expr","locations":[{"start":{"line":68,"column":17},"end":{"line":68,"column":29}},{"start":{"line":68,"column":33},"end":{"line":68,"column":46}},{"start":{"line":68,"column":50},"end":{"line":68,"column":52}}]},"10":{"line":71,"type":"binary-expr","locations":[{"start":{"line":71,"column":18},"end":{"line":71,"column":31}},{"start":{"line":71,"column":35},"end":{"line":71,"column":36}}]},"11":{"line":74,"type":"binary-expr","locations":[{"start":{"line":74,"column":18},"end":{"line":74,"column":31}},{"start":{"line":74,"column":35},"end":{"line":74,"column":43}}]},"12":{"line":75,"type":"if","locations":[{"start":{"line":75,"column":2},"end":{"line":75,"column":2}},{"start":{"line":75,"column":2},"end":{"line":75,"column":2}}]},"13":{"line":80,"type":"binary-expr","locations":[{"start":{"line":80,"column":17},"end":{"line":80,"column":29}},{"start":{"line":80,"column":34},"end":{"line":80,"column":71}}]},"14":{"line":81,"type":"if","locations":[{"start":{"line":81,"column":2},"end":{"line":81,"column":2}},{"start":{"line":81,"column":2},"end":{"line":81,"column":2}}]},"15":{"line":87,"type":"binary-expr","locations":[{"start":{"line":87,"column":18},"end":{"line":87,"column":31}},{"start":{"line":87,"column":35},"end":{"line":87,"column":41}}]},"16":{"line":119,"type":"if","locations":[{"start":{"line":119,"column":2},"end":{"line":119,"column":2}},{"start":{"line":119,"column":2},"end":{"line":119,"column":2}}]},"17":{"line":124,"type":"if","locations":[{"start":{"line":124,"column":4},"end":{"line":124,"column":4}},{"start":{"line":124,"column":4},"end":{"line":124,"column":4}}]}},"code":["/*"," * transport.js: Base Transport object for all Winston transports."," *"," * (C) 2010 Charlie Robbins"," * MIT LICENCE"," *"," */","","var events = require('events'),","    util = require('util');","","//","// ### function Transport (options)","// #### @options {Object} Options for this instance.","// Constructor function for the Tranport object responsible","// base functionality for all winston transports.","//","var Transport = exports.Transport = function (options) {","  events.EventEmitter.call(this);","","  options        = options        || {};","  this.silent    = options.silent || false;","  this.raw       = options.raw    || false;","  this.name      = options.name   || this.name;","  this.formatter = options.formatter;","","  //","  // Do not set a default level. When `level` is falsey on any","  // `Transport` instance, any `Logger` instance uses the","  // configured level (instead of the Transport level)","  //","  this.level = options.level;","","  this.handleExceptions = options.handleExceptions || false;","  this.exceptionsLevel  = options.exceptionsLevel || 'error';","  this.humanReadableUnhandledException = options.humanReadableUnhandledException || false;","};","","//","// Inherit from `events.EventEmitter`.","//","util.inherits(Transport, events.EventEmitter);","","//","// ### function formatQuery (query)","// #### @query {string|Object} Query to format","// Formats the specified `query` Object (or string) to conform","// with the underlying implementation of this transport.","//","Transport.prototype.formatQuery = function (query) {","  return query;","};","","//","// ### function normalizeQuery (query)","// #### @options {string|Object} Query to normalize","// Normalize options for query","//","Transport.prototype.normalizeQuery = function (options) {","  //","  // Use options similar to loggly.","  // [See Loggly Search API](http://wiki.loggly.com/retrieve_events#optional)","  //","","  options = options || {};","","  // limit","  options.rows = options.rows || options.limit || 10;","","  // starting row offset","  options.start = options.start || 0;","","  // now","  options.until = options.until || new Date;","  if (typeof options.until !== 'object') {","    options.until = new Date(options.until);","  }","","  // now - 24","  options.from = options.from || (options.until - (24 * 60 * 60 * 1000));","  if (typeof options.from !== 'object') {","    options.from = new Date(options.from);","  }","","","  // 'asc' or 'desc'","  options.order = options.order || 'desc';","","  // which fields to select","  options.fields = options.fields;","","  return options;","};","","//","// ### function formatResults (results, options)","// #### @results {Object|Array} Results returned from `.query`.","// #### @options {Object} **Optional** Formatting options","// Formats the specified `results` with the given `options` accordinging","// to the implementation of this transport.","//","Transport.prototype.formatResults = function (results, options) {","  return results;","};","","//","// ### function logException (msg, meta, callback)","// #### @msg {string} Message to log","// #### @meta {Object} **Optional** Additional metadata to attach","// #### @callback {function} Continuation to respond to when complete.","// Logs the specified `msg`, `meta` and responds to the callback once the log","// operation is complete to ensure that the event loop will not exit before","// all logging has completed.","//","Transport.prototype.logException = function (msg, meta, callback) {","  var self = this,","      called;","","  if (this.silent) {","    return callback();","  }","","  function onComplete () {","    if (!called) {","      called = true;","      self.removeListener('logged', onComplete);","      self.removeListener('error', onComplete);","      callback();","    }","  }","","  this.once('logged', onComplete);","  this.once('error', onComplete);","  this.log(self.exceptionsLevel, msg, meta, function () { });","};",""],"l":{"9":1,"18":1,"19":2,"21":2,"22":2,"23":2,"24":2,"25":2,"32":2,"34":2,"35":2,"36":2,"42":1,"50":1,"51":0,"59":1,"65":0,"68":0,"71":0,"74":0,"75":0,"76":0,"80":0,"81":0,"82":0,"87":0,"90":0,"92":0,"102":1,"103":0,"115":1,"116":0,"119":0,"120":0,"123":1,"124":0,"125":0,"126":0,"127":0,"128":0,"132":0,"133":0,"134":0}},"/home/travis/build/npmtest/node-npmtest-winston/winston/lib/winston/transports/console.js":{"path":"/home/travis/build/npmtest/node-npmtest-winston/winston/lib/winston/transports/console.js","s":{"1":1,"2":1,"3":2,"4":2,"5":2,"6":2,"7":2,"8":2,"9":2,"10":2,"11":2,"12":2,"13":2,"14":2,"15":2,"16":2,"17":0,"18":0,"19":1,"20":2,"21":2,"22":0,"23":0,"24":0,"25":2,"26":2,"27":0,"28":0,"29":0,"30":1,"31":1,"32":1,"33":0,"34":0,"35":0,"36":0,"37":0,"38":0,"39":0,"40":0,"41":0},"b":{"1":[2,1],"2":[2,2],"3":[2,2],"4":[2,2],"5":[0,2],"6":[2,0],"7":[2,2],"8":[2,2],"9":[2,2],"10":[2,2],"11":[2,2],"12":[0,2],"13":[0,0],"14":[0,2],"15":[0,0],"16":[2,0],"17":[0,0],"18":[0,0],"19":[0,0]},"f":{"1":2,"2":0,"3":2,"4":0},"fnMap":{"1":{"name":"(anonymous_1)","line":21,"loc":{"start":{"line":21,"column":32},"end":{"line":21,"column":51}}},"2":{"name":"(anonymous_2)","line":38,"loc":{"start":{"line":38,"column":42},"end":{"line":38,"column":57}}},"3":{"name":"setStderrLevels","line":49,"loc":{"start":{"line":49,"column":2},"end":{"line":49,"column":49}}},"4":{"name":"(anonymous_4)","line":91,"loc":{"start":{"line":91,"column":24},"end":{"line":91,"column":62}}}},"statementMap":{"1":{"start":{"line":9,"column":0},"end":{"line":13,"column":49}},"2":{"start":{"line":21,"column":0},"end":{"line":71,"column":2}},"3":{"start":{"line":22,"column":2},"end":{"line":22,"column":32}},"4":{"start":{"line":23,"column":2},"end":{"line":23,"column":26}},"5":{"start":{"line":25,"column":2},"end":{"line":25,"column":51}},"6":{"start":{"line":26,"column":2},"end":{"line":26,"column":51}},"7":{"start":{"line":27,"column":2},"end":{"line":27,"column":51}},"8":{"start":{"line":28,"column":2},"end":{"line":28,"column":91}},"9":{"start":{"line":29,"column":2},"end":{"line":29,"column":81}},"10":{"start":{"line":30,"column":2},"end":{"line":30,"column":50}},"11":{"start":{"line":31,"column":2},"end":{"line":31,"column":51}},"12":{"start":{"line":32,"column":2},"end":{"line":32,"column":50}},"13":{"start":{"line":33,"column":2},"end":{"line":33,"column":51}},"14":{"start":{"line":34,"column":2},"end":{"line":34,"column":81}},"15":{"start":{"line":35,"column":2},"end":{"line":35,"column":46}},"16":{"start":{"line":37,"column":2},"end":{"line":41,"column":3}},"17":{"start":{"line":38,"column":4},"end":{"line":40,"column":6}},"18":{"start":{"line":39,"column":6},"end":{"line":39,"column":42}},"19":{"start":{"line":49,"column":2},"end":{"line":70,"column":3}},"20":{"start":{"line":50,"column":4},"end":{"line":50,"column":77}},"21":{"start":{"line":51,"column":4},"end":{"line":61,"column":5}},"22":{"start":{"line":52,"column":6},"end":{"line":58,"column":7}},"23":{"start":{"line":57,"column":8},"end":{"line":57,"column":76}},"24":{"start":{"line":60,"column":6},"end":{"line":60,"column":60}},"25":{"start":{"line":63,"column":4},"end":{"line":67,"column":5}},"26":{"start":{"line":64,"column":6},"end":{"line":64,"column":69}},"27":{"start":{"line":65,"column":11},"end":{"line":67,"column":5}},"28":{"start":{"line":66,"column":6},"end":{"line":66,"column":74}},"29":{"start":{"line":69,"column":4},"end":{"line":69,"column":55}},"30":{"start":{"line":76,"column":0},"end":{"line":76,"column":34}},"31":{"start":{"line":81,"column":0},"end":{"line":81,"column":35}},"32":{"start":{"line":91,"column":0},"end":{"line":130,"column":2}},"33":{"start":{"line":92,"column":2},"end":{"line":94,"column":3}},"34":{"start":{"line":93,"column":4},"end":{"line":93,"column":32}},"35":{"start":{"line":96,"column":2},"end":{"line":97,"column":13}},"36":{"start":{"line":99,"column":2},"end":{"line":116,"column":5}},"37":{"start":{"line":118,"column":2},"end":{"line":122,"column":3}},"38":{"start":{"line":119,"column":4},"end":{"line":119,"column":44}},"39":{"start":{"line":121,"column":4},"end":{"line":121,"column":44}},"40":{"start":{"line":128,"column":2},"end":{"line":128,"column":22}},"41":{"start":{"line":129,"column":2},"end":{"line":129,"column":23}}},"branchMap":{"1":{"line":23,"type":"binary-expr","locations":[{"start":{"line":23,"column":12},"end":{"line":23,"column":19}},{"start":{"line":23,"column":23},"end":{"line":23,"column":25}}]},"2":{"line":25,"type":"binary-expr","locations":[{"start":{"line":25,"column":22},"end":{"line":25,"column":34}},{"start":{"line":25,"column":45},"end":{"line":25,"column":50}}]},"3":{"line":26,"type":"binary-expr","locations":[{"start":{"line":26,"column":22},"end":{"line":26,"column":38}},{"start":{"line":26,"column":45},"end":{"line":26,"column":50}}]},"4":{"line":27,"type":"binary-expr","locations":[{"start":{"line":27,"column":22},"end":{"line":27,"column":41}},{"start":{"line":27,"column":45},"end":{"line":27,"column":50}}]},"5":{"line":28,"type":"cond-expr","locations":[{"start":{"line":28,"column":65},"end":{"line":28,"column":82}},{"start":{"line":28,"column":85},"end":{"line":28,"column":90}}]},"6":{"line":29,"type":"cond-expr","locations":[{"start":{"line":29,"column":56},"end":{"line":29,"column":60}},{"start":{"line":29,"column":63},"end":{"line":29,"column":80}}]},"7":{"line":30,"type":"binary-expr","locations":[{"start":{"line":30,"column":22},"end":{"line":30,"column":35}},{"start":{"line":30,"column":45},"end":{"line":30,"column":49}}]},"8":{"line":31,"type":"binary-expr","locations":[{"start":{"line":31,"column":22},"end":{"line":31,"column":38}},{"start":{"line":31,"column":45},"end":{"line":31,"column":50}}]},"9":{"line":32,"type":"binary-expr","locations":[{"start":{"line":32,"column":22},"end":{"line":32,"column":35}},{"start":{"line":32,"column":45},"end":{"line":32,"column":49}}]},"10":{"line":33,"type":"binary-expr","locations":[{"start":{"line":33,"column":22},"end":{"line":33,"column":35}},{"start":{"line":33,"column":45},"end":{"line":33,"column":50}}]},"11":{"line":35,"type":"binary-expr","locations":[{"start":{"line":35,"column":22},"end":{"line":35,"column":33}},{"start":{"line":35,"column":39},"end":{"line":35,"column":45}}]},"12":{"line":37,"type":"if","locations":[{"start":{"line":37,"column":2},"end":{"line":37,"column":2}},{"start":{"line":37,"column":2},"end":{"line":37,"column":2}}]},"13":{"line":38,"type":"binary-expr","locations":[{"start":{"line":38,"column":21},"end":{"line":38,"column":38}},{"start":{"line":38,"column":42},"end":{"line":40,"column":5}}]},"14":{"line":51,"type":"if","locations":[{"start":{"line":51,"column":4},"end":{"line":51,"column":4}},{"start":{"line":51,"column":4},"end":{"line":51,"column":4}}]},"15":{"line":52,"type":"if","locations":[{"start":{"line":52,"column":6},"end":{"line":52,"column":6}},{"start":{"line":52,"column":6},"end":{"line":52,"column":6}}]},"16":{"line":63,"type":"if","locations":[{"start":{"line":63,"column":4},"end":{"line":63,"column":4}},{"start":{"line":63,"column":4},"end":{"line":63,"column":4}}]},"17":{"line":65,"type":"if","locations":[{"start":{"line":65,"column":11},"end":{"line":65,"column":11}},{"start":{"line":65,"column":11},"end":{"line":65,"column":11}}]},"18":{"line":92,"type":"if","locations":[{"start":{"line":92,"column":2},"end":{"line":92,"column":2}},{"start":{"line":92,"column":2},"end":{"line":92,"column":2}}]},"19":{"line":118,"type":"if","locations":[{"start":{"line":118,"column":2},"end":{"line":118,"column":2}},{"start":{"line":118,"column":2},"end":{"line":118,"column":2}}]}},"code":["/*"," * console.js: Transport for outputting to the console"," *"," * (C) 2010 Charlie Robbins"," * MIT LICENCE"," *"," */","","var events = require('events'),","    os = require('os'),","    util = require('util'),","    common = require('../common'),","    Transport = require('./transport').Transport;","","//","// ### function Console (options)","// #### @options {Object} Options for this instance.","// Constructor function for the Console transport object responsible","// for persisting log messages and metadata to a terminal or TTY.","//","var Console = exports.Console = function (options) {","  Transport.call(this, options);","  options = options || {};","","  this.json         = options.json        || false;","  this.colorize     = options.colorize    || false;","  this.prettyPrint  = options.prettyPrint || false;","  this.timestamp    = typeof options.timestamp !== 'undefined' ? options.timestamp : false;","  this.showLevel    = options.showLevel === undefined ? true : options.showLevel;","  this.label        = options.label       || null;","  this.logstash     = options.logstash    || false;","  this.depth        = options.depth       || null;","  this.align        = options.align       || false;","  this.stderrLevels = setStderrLevels(options.stderrLevels, options.debugStdout);","  this.eol          = options.eol   || os.EOL;","","  if (this.json) {","    this.stringify = options.stringify || function (obj) {","      return JSON.stringify(obj, null, 2);","    };","  }","","  //","  // Convert stderrLevels into an Object for faster key-lookup times than an Array.","  //","  // For backwards compatibility, stderrLevels defaults to ['error', 'debug']","  // or ['error'] depending on whether options.debugStdout is true.","  //","  function setStderrLevels (levels, debugStdout) {","    var defaultMsg = 'Cannot have non-string elements in stderrLevels Array';","    if (debugStdout) {","      if (levels) {","        //","        // Don't allow setting both debugStdout and stderrLevels together,","        // since this could cause behaviour a programmer might not expect.","        //","        throw new Error('Cannot set debugStdout and stderrLevels together');","      }","","      return common.stringArrayToSet(['error'], defaultMsg);","    }","","    if (!levels) {","      return common.stringArrayToSet(['error', 'debug'], defaultMsg);","    } else if (!(Array.isArray(levels))) {","      throw new Error('Cannot set stderrLevels to type other than Array');","    }","","    return common.stringArrayToSet(levels, defaultMsg);","  };","};","","//","// Inherit from `winston.Transport`.","//","util.inherits(Console, Transport);","","//","// Expose the name of this Transport on the prototype","//","Console.prototype.name = 'console';","","//","// ### function log (level, msg, [meta], callback)","// #### @level {string} Level at which to log the message.","// #### @msg {string} Message to log","// #### @meta {Object} **Optional** Additional metadata to attach","// #### @callback {function} Continuation to respond to when complete.","// Core logging method exposed to Winston. Metadata is optional.","//","Console.prototype.log = function (level, msg, meta, callback) {","  if (this.silent) {","    return callback(null, true);","  }","","  var self = this,","      output;","","  output = common.log({","    colorize:    this.colorize,","    json:        this.json,","    level:       level,","    message:     msg,","    meta:        meta,","    stringify:   this.stringify,","    timestamp:   this.timestamp,","    showLevel:   this.showLevel,","    prettyPrint: this.prettyPrint,","    raw:         this.raw,","    label:       this.label,","    logstash:    this.logstash,","    depth:       this.depth,","    formatter:   this.formatter,","    align:       this.align,","    humanReadableUnhandledException: this.humanReadableUnhandledException","  });","","  if (this.stderrLevels[level]) {","    process.stderr.write(output + this.eol);","  } else {","    process.stdout.write(output + this.eol);","  }","","  //","  // Emit the `logged` event immediately because the event loop","  // will not exit until `process.stdout` has drained anyway.","  //","  self.emit('logged');","  callback(null, true);","};",""],"l":{"9":1,"21":1,"22":2,"23":2,"25":2,"26":2,"27":2,"28":2,"29":2,"30":2,"31":2,"32":2,"33":2,"34":2,"35":2,"37":2,"38":0,"39":0,"49":1,"50":2,"51":2,"52":0,"57":0,"60":0,"63":2,"64":2,"65":0,"66":0,"69":0,"76":1,"81":1,"91":1,"92":0,"93":0,"96":0,"99":0,"118":0,"119":0,"121":0,"128":0,"129":0}}}